{"/Users/justin/Desktop/College/Sem5/CCP/A2/fragments/src/app.js": {"path":"/Users/justin/Desktop/College/Sem5/CCP/A2/fragments/src/app.js","statementMap":{"0":{"start":{"line":3,"column":16},"end":{"line":3,"column":34}},"1":{"start":{"line":4,"column":13},"end":{"line":4,"column":28}},"2":{"start":{"line":5,"column":15},"end":{"line":5,"column":32}},"3":{"start":{"line":6,"column":20},"end":{"line":6,"column":42}},"4":{"start":{"line":7,"column":17},"end":{"line":7,"column":36}},"5":{"start":{"line":8,"column":21},"end":{"line":8,"column":38}},"6":{"start":{"line":10,"column":32},"end":{"line":10,"column":53}},"7":{"start":{"line":16,"column":15},"end":{"line":16,"column":34}},"8":{"start":{"line":17,"column":13},"end":{"line":20,"column":2}},"9":{"start":{"line":23,"column":12},"end":{"line":23,"column":21}},"10":{"start":{"line":26,"column":0},"end":{"line":26,"column":14}},"11":{"start":{"line":29,"column":0},"end":{"line":29,"column":18}},"12":{"start":{"line":32,"column":0},"end":{"line":32,"column":16}},"13":{"start":{"line":35,"column":0},"end":{"line":35,"column":23}},"14":{"start":{"line":38,"column":0},"end":{"line":38,"column":23}},"15":{"start":{"line":41,"column":0},"end":{"line":41,"column":38}},"16":{"start":{"line":42,"column":0},"end":{"line":42,"column":31}},"17":{"start":{"line":45,"column":0},"end":{"line":45,"column":34}},"18":{"start":{"line":48,"column":0},"end":{"line":50,"column":3}},"19":{"start":{"line":49,"column":2},"end":{"line":49,"column":62}},"20":{"start":{"line":54,"column":0},"end":{"line":72,"column":3}},"21":{"start":{"line":57,"column":17},"end":{"line":57,"column":34}},"22":{"start":{"line":58,"column":18},"end":{"line":58,"column":60}},"23":{"start":{"line":61,"column":2},"end":{"line":63,"column":3}},"24":{"start":{"line":62,"column":4},"end":{"line":62,"column":54}},"25":{"start":{"line":65,"column":2},"end":{"line":71,"column":5}},"26":{"start":{"line":75,"column":0},"end":{"line":75,"column":21}}},"fnMap":{"0":{"name":"(anonymous_0)","decl":{"start":{"line":48,"column":8},"end":{"line":48,"column":9}},"loc":{"start":{"line":48,"column":22},"end":{"line":50,"column":1}},"line":48},"1":{"name":"(anonymous_1)","decl":{"start":{"line":54,"column":8},"end":{"line":54,"column":9}},"loc":{"start":{"line":54,"column":33},"end":{"line":72,"column":1}},"line":54}},"branchMap":{"0":{"loc":{"start":{"line":57,"column":17},"end":{"line":57,"column":34}},"type":"binary-expr","locations":[{"start":{"line":57,"column":17},"end":{"line":57,"column":27}},{"start":{"line":57,"column":31},"end":{"line":57,"column":34}}],"line":57},"1":{"loc":{"start":{"line":58,"column":18},"end":{"line":58,"column":60}},"type":"binary-expr","locations":[{"start":{"line":58,"column":18},"end":{"line":58,"column":29}},{"start":{"line":58,"column":33},"end":{"line":58,"column":60}}],"line":58},"2":{"loc":{"start":{"line":61,"column":2},"end":{"line":63,"column":3}},"type":"if","locations":[{"start":{"line":61,"column":2},"end":{"line":63,"column":3}},{"start":{},"end":{}}],"line":61}},"s":{"0":6,"1":6,"2":6,"3":6,"4":6,"5":6,"6":6,"7":6,"8":6,"9":6,"10":6,"11":6,"12":6,"13":6,"14":6,"15":6,"16":6,"17":6,"18":6,"19":1,"20":6,"21":0,"22":0,"23":0,"24":0,"25":0,"26":6},"f":{"0":1,"1":0},"b":{"0":[0,0],"1":[0,0],"2":[0,0]},"_coverageSchema":"1a1c01bbd47fc00a2c39e90264f33305004495a9","hash":"646b23195cbae20407791adce8d55b90dbe2ffa5"}
,"/Users/justin/Desktop/College/Sem5/CCP/A2/fragments/src/hash.js": {"path":"/Users/justin/Desktop/College/Sem5/CCP/A2/fragments/src/hash.js","statementMap":{"0":{"start":{"line":16,"column":15},"end":{"line":16,"column":32}},"1":{"start":{"line":22,"column":0},"end":{"line":22,"column":84}},"2":{"start":{"line":22,"column":28},"end":{"line":22,"column":83}}},"fnMap":{"0":{"name":"(anonymous_0)","decl":{"start":{"line":22,"column":17},"end":{"line":22,"column":18}},"loc":{"start":{"line":22,"column":28},"end":{"line":22,"column":83}},"line":22}},"branchMap":{},"s":{"0":7,"1":7,"2":19},"f":{"0":19},"b":{},"_coverageSchema":"1a1c01bbd47fc00a2c39e90264f33305004495a9","hash":"b558b724a85fdf245c0c147c8a01aaf41db20c34"}
,"/Users/justin/Desktop/College/Sem5/CCP/A2/fragments/src/logger.js": {"path":"/Users/justin/Desktop/College/Sem5/CCP/A2/fragments/src/logger.js","statementMap":{"0":{"start":{"line":4,"column":16},"end":{"line":4,"column":58}},"1":{"start":{"line":7,"column":0},"end":{"line":15,"column":1}},"2":{"start":{"line":9,"column":2},"end":{"line":14,"column":4}},"3":{"start":{"line":19,"column":0},"end":{"line":19,"column":42}}},"fnMap":{},"branchMap":{"0":{"loc":{"start":{"line":4,"column":25},"end":{"line":4,"column":56}},"type":"binary-expr","locations":[{"start":{"line":4,"column":25},"end":{"line":4,"column":46}},{"start":{"line":4,"column":50},"end":{"line":4,"column":56}}],"line":4},"1":{"loc":{"start":{"line":7,"column":0},"end":{"line":15,"column":1}},"type":"if","locations":[{"start":{"line":7,"column":0},"end":{"line":15,"column":1}},{"start":{},"end":{}}],"line":7}},"s":{"0":6,"1":6,"2":0,"3":6},"f":{},"b":{"0":[6,0],"1":[0,6]},"_coverageSchema":"1a1c01bbd47fc00a2c39e90264f33305004495a9","hash":"48ea8d0c64c00a2a751f105ec5c8c362cb6843fc"}
,"/Users/justin/Desktop/College/Sem5/CCP/A2/fragments/src/response.js": {"path":"/Users/justin/Desktop/College/Sem5/CCP/A2/fragments/src/response.js","statementMap":{"0":{"start":{"line":11,"column":0},"end":{"line":16,"column":2}},"1":{"start":{"line":12,"column":2},"end":{"line":15,"column":4}},"2":{"start":{"line":29,"column":0},"end":{"line":37,"column":2}},"3":{"start":{"line":30,"column":2},"end":{"line":36,"column":4}}},"fnMap":{"0":{"name":"(anonymous_0)","decl":{"start":{"line":11,"column":39},"end":{"line":11,"column":40}},"loc":{"start":{"line":11,"column":55},"end":{"line":16,"column":1}},"line":11},"1":{"name":"(anonymous_1)","decl":{"start":{"line":29,"column":37},"end":{"line":29,"column":38}},"loc":{"start":{"line":29,"column":62},"end":{"line":37,"column":1}},"line":29}},"branchMap":{},"s":{"0":7,"1":16,"2":7,"3":9},"f":{"0":16,"1":9},"b":{},"_coverageSchema":"1a1c01bbd47fc00a2c39e90264f33305004495a9","hash":"50185f3ba2d00e0e938f0c266e078202ede14222"}
,"/Users/justin/Desktop/College/Sem5/CCP/A2/fragments/src/auth/auth-middleware.js": {"path":"/Users/justin/Desktop/College/Sem5/CCP/A2/fragments/src/auth/auth-middleware.js","statementMap":{"0":{"start":{"line":1,"column":17},"end":{"line":1,"column":36}},"1":{"start":{"line":3,"column":32},"end":{"line":3,"column":54}},"2":{"start":{"line":4,"column":13},"end":{"line":4,"column":31}},"3":{"start":{"line":5,"column":15},"end":{"line":5,"column":35}},"4":{"start":{"line":11,"column":0},"end":{"line":43,"column":2}},"5":{"start":{"line":12,"column":2},"end":{"line":42,"column":4}},"6":{"start":{"line":21,"column":6},"end":{"line":24,"column":7}},"7":{"start":{"line":22,"column":8},"end":{"line":22,"column":58}},"8":{"start":{"line":23,"column":8},"end":{"line":23,"column":77}},"9":{"start":{"line":27,"column":6},"end":{"line":29,"column":7}},"10":{"start":{"line":28,"column":8},"end":{"line":28,"column":78}},"11":{"start":{"line":32,"column":6},"end":{"line":32,"column":29}},"12":{"start":{"line":33,"column":6},"end":{"line":33,"column":68}},"13":{"start":{"line":36,"column":6},"end":{"line":36,"column":13}},"14":{"start":{"line":41,"column":4},"end":{"line":41,"column":86}}},"fnMap":{"0":{"name":"(anonymous_0)","decl":{"start":{"line":11,"column":17},"end":{"line":11,"column":18}},"loc":{"start":{"line":11,"column":35},"end":{"line":43,"column":1}},"line":11},"1":{"name":"(anonymous_1)","decl":{"start":{"line":12,"column":9},"end":{"line":12,"column":10}},"loc":{"start":{"line":12,"column":35},"end":{"line":42,"column":3}},"line":12},"2":{"name":"callback","decl":{"start":{"line":19,"column":13},"end":{"line":19,"column":21}},"loc":{"start":{"line":19,"column":34},"end":{"line":37,"column":5}},"line":19}},"branchMap":{"0":{"loc":{"start":{"line":21,"column":6},"end":{"line":24,"column":7}},"type":"if","locations":[{"start":{"line":21,"column":6},"end":{"line":24,"column":7}},{"start":{},"end":{}}],"line":21},"1":{"loc":{"start":{"line":27,"column":6},"end":{"line":29,"column":7}},"type":"if","locations":[{"start":{"line":27,"column":6},"end":{"line":29,"column":7}},{"start":{},"end":{}}],"line":27}},"s":{"0":6,"1":6,"2":6,"3":6,"4":6,"5":6,"6":19,"7":0,"8":0,"9":19,"10":4,"11":15,"12":15,"13":15,"14":19},"f":{"0":6,"1":19,"2":19},"b":{"0":[0,19],"1":[4,15]},"_coverageSchema":"1a1c01bbd47fc00a2c39e90264f33305004495a9","hash":"111764f36551aff054a4d3c3b4e8a954721e956c"}
,"/Users/justin/Desktop/College/Sem5/CCP/A2/fragments/src/auth/basic-auth.js": {"path":"/Users/justin/Desktop/College/Sem5/CCP/A2/fragments/src/auth/basic-auth.js","statementMap":{"0":{"start":{"line":6,"column":13},"end":{"line":6,"column":33}},"1":{"start":{"line":8,"column":21},"end":{"line":8,"column":50}},"2":{"start":{"line":9,"column":18},"end":{"line":9,"column":46}},"3":{"start":{"line":12,"column":0},"end":{"line":14,"column":1}},"4":{"start":{"line":13,"column":2},"end":{"line":13,"column":61}},"5":{"start":{"line":16,"column":0},"end":{"line":23,"column":4}},"6":{"start":{"line":19,"column":2},"end":{"line":23,"column":3}},"7":{"start":{"line":25,"column":0},"end":{"line":25,"column":54}},"8":{"start":{"line":25,"column":36},"end":{"line":25,"column":53}}},"fnMap":{"0":{"name":"(anonymous_0)","decl":{"start":{"line":16,"column":26},"end":{"line":16,"column":27}},"loc":{"start":{"line":19,"column":2},"end":{"line":23,"column":3}},"line":19},"1":{"name":"(anonymous_1)","decl":{"start":{"line":25,"column":30},"end":{"line":25,"column":31}},"loc":{"start":{"line":25,"column":36},"end":{"line":25,"column":53}},"line":25}},"branchMap":{"0":{"loc":{"start":{"line":12,"column":0},"end":{"line":14,"column":1}},"type":"if","locations":[{"start":{"line":12,"column":0},"end":{"line":14,"column":1}},{"start":{},"end":{}}],"line":12}},"s":{"0":6,"1":6,"2":6,"3":6,"4":0,"5":6,"6":6,"7":6,"8":6},"f":{"0":6,"1":6},"b":{"0":[0,6]},"_coverageSchema":"1a1c01bbd47fc00a2c39e90264f33305004495a9","hash":"0bd9c4f63250ea9256aafd2982a2ab2e5d4d3f4b"}
,"/Users/justin/Desktop/College/Sem5/CCP/A2/fragments/src/auth/index.js": {"path":"/Users/justin/Desktop/College/Sem5/CCP/A2/fragments/src/auth/index.js","statementMap":{"0":{"start":{"line":4,"column":0},"end":{"line":14,"column":1}},"1":{"start":{"line":5,"column":2},"end":{"line":5,"column":40}},"2":{"start":{"line":8,"column":5},"end":{"line":14,"column":1}},"3":{"start":{"line":9,"column":2},"end":{"line":9,"column":43}},"4":{"start":{"line":13,"column":2},"end":{"line":13,"column":76}}},"fnMap":{},"branchMap":{"0":{"loc":{"start":{"line":4,"column":0},"end":{"line":14,"column":1}},"type":"if","locations":[{"start":{"line":4,"column":0},"end":{"line":14,"column":1}},{"start":{"line":8,"column":5},"end":{"line":14,"column":1}}],"line":4},"1":{"loc":{"start":{"line":4,"column":4},"end":{"line":4,"column":72}},"type":"binary-expr","locations":[{"start":{"line":4,"column":4},"end":{"line":4,"column":35}},{"start":{"line":4,"column":39},"end":{"line":4,"column":72}}],"line":4},"2":{"loc":{"start":{"line":8,"column":5},"end":{"line":14,"column":1}},"type":"if","locations":[{"start":{"line":8,"column":5},"end":{"line":14,"column":1}},{"start":{"line":12,"column":5},"end":{"line":14,"column":1}}],"line":8},"3":{"loc":{"start":{"line":8,"column":9},"end":{"line":8,"column":71}},"type":"binary-expr","locations":[{"start":{"line":8,"column":9},"end":{"line":8,"column":34}},{"start":{"line":8,"column":38},"end":{"line":8,"column":71}}],"line":8}},"s":{"0":6,"1":0,"2":6,"3":6,"4":0},"f":{},"b":{"0":[0,6],"1":[6,0],"2":[6,0],"3":[6,6]},"_coverageSchema":"1a1c01bbd47fc00a2c39e90264f33305004495a9","hash":"7e8bc25c9a977e54c863663d5dae85f60e03dee1"}
,"/Users/justin/Desktop/College/Sem5/CCP/A2/fragments/src/model/fragment.js": {"path":"/Users/justin/Desktop/College/Sem5/CCP/A2/fragments/src/model/fragment.js","statementMap":{"0":{"start":{"line":2,"column":23},"end":{"line":2,"column":40}},"1":{"start":{"line":3,"column":20},"end":{"line":3,"column":43}},"2":{"start":{"line":4,"column":20},"end":{"line":4,"column":52}},"3":{"start":{"line":4,"column":29},"end":{"line":4,"column":52}},"4":{"start":{"line":5,"column":14},"end":{"line":5,"column":30}},"5":{"start":{"line":6,"column":19},"end":{"line":6,"column":41}},"6":{"start":{"line":7,"column":7},"end":{"line":7,"column":23}},"7":{"start":{"line":17,"column":4},"end":{"line":17,"column":21}},"8":{"start":{"line":19,"column":23},"end":{"line":28,"column":1}},"9":{"start":{"line":34,"column":4},"end":{"line":36,"column":5}},"10":{"start":{"line":35,"column":6},"end":{"line":35,"column":55}},"11":{"start":{"line":37,"column":4},"end":{"line":41,"column":5}},"12":{"start":{"line":38,"column":6},"end":{"line":38,"column":23}},"13":{"start":{"line":40,"column":6},"end":{"line":40,"column":49}},"14":{"start":{"line":42,"column":4},"end":{"line":46,"column":5}},"15":{"start":{"line":43,"column":6},"end":{"line":43,"column":23}},"16":{"start":{"line":45,"column":6},"end":{"line":45,"column":24}},"17":{"start":{"line":47,"column":4},"end":{"line":47,"column":33}},"18":{"start":{"line":48,"column":4},"end":{"line":48,"column":27}},"19":{"start":{"line":49,"column":4},"end":{"line":49,"column":55}},"20":{"start":{"line":50,"column":4},"end":{"line":50,"column":55}},"21":{"start":{"line":54,"column":4},"end":{"line":56,"column":5}},"22":{"start":{"line":55,"column":6},"end":{"line":55,"column":50}},"23":{"start":{"line":58,"column":4},"end":{"line":58,"column":42}},"24":{"start":{"line":63,"column":25},"end":{"line":63,"column":56}},"25":{"start":{"line":65,"column":4},"end":{"line":65,"column":38}},"26":{"start":{"line":70,"column":4},"end":{"line":70,"column":38}},"27":{"start":{"line":74,"column":4},"end":{"line":74,"column":44}},"28":{"start":{"line":75,"column":4},"end":{"line":75,"column":31}},"29":{"start":{"line":79,"column":4},"end":{"line":79,"column":51}},"30":{"start":{"line":83,"column":4},"end":{"line":85,"column":5}},"31":{"start":{"line":84,"column":6},"end":{"line":84,"column":41}},"32":{"start":{"line":86,"column":4},"end":{"line":86,"column":28}},"33":{"start":{"line":87,"column":4},"end":{"line":87,"column":16}},"34":{"start":{"line":88,"column":4},"end":{"line":88,"column":58}},"35":{"start":{"line":91,"column":21},"end":{"line":91,"column":49}},"36":{"start":{"line":92,"column":4},"end":{"line":92,"column":16}},"37":{"start":{"line":96,"column":4},"end":{"line":96,"column":44}},"38":{"start":{"line":100,"column":21},"end":{"line":100,"column":45}},"39":{"start":{"line":102,"column":4},"end":{"line":102,"column":56}},"40":{"start":{"line":107,"column":4},"end":{"line":107,"column":32}},"41":{"start":{"line":108,"column":4},"end":{"line":112,"column":5}},"42":{"start":{"line":109,"column":6},"end":{"line":111,"column":7}},"43":{"start":{"line":110,"column":8},"end":{"line":110,"column":44}},"44":{"start":{"line":113,"column":4},"end":{"line":113,"column":18}},"45":{"start":{"line":123,"column":4},"end":{"line":129,"column":5}},"46":{"start":{"line":124,"column":6},"end":{"line":124,"column":20}},"47":{"start":{"line":125,"column":11},"end":{"line":129,"column":5}},"48":{"start":{"line":126,"column":6},"end":{"line":126,"column":23}},"49":{"start":{"line":128,"column":6},"end":{"line":128,"column":18}},"50":{"start":{"line":130,"column":4},"end":{"line":130,"column":15}},"51":{"start":{"line":135,"column":4},"end":{"line":135,"column":40}},"52":{"start":{"line":137,"column":4},"end":{"line":147,"column":5}},"53":{"start":{"line":138,"column":6},"end":{"line":146,"column":7}},"54":{"start":{"line":139,"column":8},"end":{"line":139,"column":43}},"55":{"start":{"line":140,"column":13},"end":{"line":146,"column":7}},"56":{"start":{"line":141,"column":8},"end":{"line":141,"column":44}},"57":{"start":{"line":142,"column":13},"end":{"line":146,"column":7}},"58":{"start":{"line":143,"column":8},"end":{"line":143,"column":44}},"59":{"start":{"line":144,"column":13},"end":{"line":146,"column":7}},"60":{"start":{"line":145,"column":8},"end":{"line":145,"column":43}},"61":{"start":{"line":149,"column":4},"end":{"line":149,"column":29}},"62":{"start":{"line":154,"column":0},"end":{"line":154,"column":35}}},"fnMap":{"0":{"name":"(anonymous_0)","decl":{"start":{"line":4,"column":20},"end":{"line":4,"column":21}},"loc":{"start":{"line":4,"column":29},"end":{"line":4,"column":52}},"line":4},"1":{"name":"(anonymous_1)","decl":{"start":{"line":32,"column":2},"end":{"line":32,"column":3}},"loc":{"start":{"line":32,"column":65},"end":{"line":51,"column":3}},"line":32},"2":{"name":"(anonymous_2)","decl":{"start":{"line":53,"column":2},"end":{"line":53,"column":3}},"loc":{"start":{"line":53,"column":47},"end":{"line":59,"column":3}},"line":53},"3":{"name":"(anonymous_3)","decl":{"start":{"line":61,"column":2},"end":{"line":61,"column":3}},"loc":{"start":{"line":61,"column":33},"end":{"line":66,"column":3}},"line":61},"4":{"name":"(anonymous_4)","decl":{"start":{"line":68,"column":2},"end":{"line":68,"column":3}},"loc":{"start":{"line":68,"column":35},"end":{"line":71,"column":3}},"line":68},"5":{"name":"(anonymous_5)","decl":{"start":{"line":73,"column":2},"end":{"line":73,"column":3}},"loc":{"start":{"line":73,"column":15},"end":{"line":76,"column":3}},"line":73},"6":{"name":"(anonymous_6)","decl":{"start":{"line":78,"column":2},"end":{"line":78,"column":3}},"loc":{"start":{"line":78,"column":18},"end":{"line":80,"column":3}},"line":78},"7":{"name":"(anonymous_7)","decl":{"start":{"line":82,"column":2},"end":{"line":82,"column":3}},"loc":{"start":{"line":82,"column":22},"end":{"line":89,"column":3}},"line":82},"8":{"name":"(anonymous_8)","decl":{"start":{"line":90,"column":2},"end":{"line":90,"column":3}},"loc":{"start":{"line":90,"column":17},"end":{"line":93,"column":3}},"line":90},"9":{"name":"(anonymous_9)","decl":{"start":{"line":95,"column":2},"end":{"line":95,"column":3}},"loc":{"start":{"line":95,"column":15},"end":{"line":97,"column":3}},"line":95},"10":{"name":"(anonymous_10)","decl":{"start":{"line":99,"column":2},"end":{"line":99,"column":3}},"loc":{"start":{"line":99,"column":32},"end":{"line":103,"column":3}},"line":99},"11":{"name":"(anonymous_11)","decl":{"start":{"line":105,"column":2},"end":{"line":105,"column":3}},"loc":{"start":{"line":105,"column":27},"end":{"line":114,"column":3}},"line":105},"12":{"name":"(anonymous_12)","decl":{"start":{"line":121,"column":2},"end":{"line":121,"column":3}},"loc":{"start":{"line":121,"column":20},"end":{"line":131,"column":3}},"line":121},"13":{"name":"(anonymous_13)","decl":{"start":{"line":133,"column":2},"end":{"line":133,"column":3}},"loc":{"start":{"line":133,"column":28},"end":{"line":150,"column":3}},"line":133}},"branchMap":{"0":{"loc":{"start":{"line":32,"column":53},"end":{"line":32,"column":61}},"type":"default-arg","locations":[{"start":{"line":32,"column":60},"end":{"line":32,"column":61}}],"line":32},"1":{"loc":{"start":{"line":34,"column":4},"end":{"line":36,"column":5}},"type":"if","locations":[{"start":{"line":34,"column":4},"end":{"line":36,"column":5}},{"start":{},"end":{}}],"line":34},"2":{"loc":{"start":{"line":34,"column":10},"end":{"line":34,"column":51}},"type":"binary-expr","locations":[{"start":{"line":34,"column":10},"end":{"line":34,"column":30}},{"start":{"line":34,"column":34},"end":{"line":34,"column":51}}],"line":34},"3":{"loc":{"start":{"line":37,"column":4},"end":{"line":41,"column":5}},"type":"if","locations":[{"start":{"line":37,"column":4},"end":{"line":41,"column":5}},{"start":{"line":39,"column":11},"end":{"line":41,"column":5}}],"line":37},"4":{"loc":{"start":{"line":42,"column":4},"end":{"line":46,"column":5}},"type":"if","locations":[{"start":{"line":42,"column":4},"end":{"line":46,"column":5}},{"start":{"line":44,"column":11},"end":{"line":46,"column":5}}],"line":42},"5":{"loc":{"start":{"line":42,"column":8},"end":{"line":42,"column":44}},"type":"binary-expr","locations":[{"start":{"line":42,"column":8},"end":{"line":42,"column":17}},{"start":{"line":42,"column":21},"end":{"line":42,"column":44}}],"line":42},"6":{"loc":{"start":{"line":47,"column":14},"end":{"line":47,"column":32}},"type":"binary-expr","locations":[{"start":{"line":47,"column":14},"end":{"line":47,"column":16}},{"start":{"line":47,"column":20},"end":{"line":47,"column":32}}],"line":47},"7":{"loc":{"start":{"line":49,"column":19},"end":{"line":49,"column":54}},"type":"binary-expr","locations":[{"start":{"line":49,"column":19},"end":{"line":49,"column":26}},{"start":{"line":49,"column":30},"end":{"line":49,"column":54}}],"line":49},"8":{"loc":{"start":{"line":50,"column":19},"end":{"line":50,"column":54}},"type":"binary-expr","locations":[{"start":{"line":50,"column":19},"end":{"line":50,"column":26}},{"start":{"line":50,"column":30},"end":{"line":50,"column":54}}],"line":50},"9":{"loc":{"start":{"line":53,"column":31},"end":{"line":53,"column":45}},"type":"default-arg","locations":[{"start":{"line":53,"column":40},"end":{"line":53,"column":45}}],"line":53},"10":{"loc":{"start":{"line":54,"column":4},"end":{"line":56,"column":5}},"type":"if","locations":[{"start":{"line":54,"column":4},"end":{"line":56,"column":5}},{"start":{},"end":{}}],"line":54},"11":{"loc":{"start":{"line":83,"column":4},"end":{"line":85,"column":5}},"type":"if","locations":[{"start":{"line":83,"column":4},"end":{"line":85,"column":5}},{"start":{},"end":{}}],"line":83},"12":{"loc":{"start":{"line":102,"column":11},"end":{"line":102,"column":55}},"type":"cond-expr","locations":[{"start":{"line":102,"column":43},"end":{"line":102,"column":47}},{"start":{"line":102,"column":50},"end":{"line":102,"column":55}}],"line":102},"13":{"loc":{"start":{"line":108,"column":4},"end":{"line":112,"column":5}},"type":"if","locations":[{"start":{"line":108,"column":4},"end":{"line":112,"column":5}},{"start":{},"end":{}}],"line":108},"14":{"loc":{"start":{"line":109,"column":6},"end":{"line":111,"column":7}},"type":"if","locations":[{"start":{"line":109,"column":6},"end":{"line":111,"column":7}},{"start":{},"end":{}}],"line":109},"15":{"loc":{"start":{"line":123,"column":4},"end":{"line":129,"column":5}},"type":"if","locations":[{"start":{"line":123,"column":4},"end":{"line":129,"column":5}},{"start":{"line":125,"column":11},"end":{"line":129,"column":5}}],"line":123},"16":{"loc":{"start":{"line":125,"column":11},"end":{"line":129,"column":5}},"type":"if","locations":[{"start":{"line":125,"column":11},"end":{"line":129,"column":5}},{"start":{"line":127,"column":11},"end":{"line":129,"column":5}}],"line":125},"17":{"loc":{"start":{"line":137,"column":4},"end":{"line":147,"column":5}},"type":"if","locations":[{"start":{"line":137,"column":4},"end":{"line":147,"column":5}},{"start":{},"end":{}}],"line":137},"18":{"loc":{"start":{"line":138,"column":6},"end":{"line":146,"column":7}},"type":"if","locations":[{"start":{"line":138,"column":6},"end":{"line":146,"column":7}},{"start":{"line":140,"column":13},"end":{"line":146,"column":7}}],"line":138},"19":{"loc":{"start":{"line":140,"column":13},"end":{"line":146,"column":7}},"type":"if","locations":[{"start":{"line":140,"column":13},"end":{"line":146,"column":7}},{"start":{"line":142,"column":13},"end":{"line":146,"column":7}}],"line":140},"20":{"loc":{"start":{"line":140,"column":17},"end":{"line":140,"column":50}},"type":"binary-expr","locations":[{"start":{"line":140,"column":17},"end":{"line":140,"column":31}},{"start":{"line":140,"column":35},"end":{"line":140,"column":50}}],"line":140},"21":{"loc":{"start":{"line":142,"column":13},"end":{"line":146,"column":7}},"type":"if","locations":[{"start":{"line":142,"column":13},"end":{"line":146,"column":7}},{"start":{"line":144,"column":13},"end":{"line":146,"column":7}}],"line":142},"22":{"loc":{"start":{"line":144,"column":13},"end":{"line":146,"column":7}},"type":"if","locations":[{"start":{"line":144,"column":13},"end":{"line":146,"column":7}},{"start":{},"end":{}}],"line":144}},"s":{"0":7,"1":7,"2":7,"3":78,"4":7,"5":7,"6":7,"7":7,"8":7,"9":40,"10":3,"11":37,"12":36,"13":1,"14":36,"15":34,"16":2,"17":34,"18":34,"19":34,"20":34,"21":5,"22":0,"23":5,"24":10,"25":10,"26":1,"27":28,"28":28,"29":4,"30":15,"31":1,"32":14,"33":14,"34":14,"35":4,"36":4,"37":2,"38":23,"39":23,"40":1,"41":1,"42":1,"43":1,"44":1,"45":2,"46":0,"47":2,"48":0,"49":2,"50":2,"51":0,"52":0,"53":0,"54":0,"55":0,"56":0,"57":0,"58":0,"59":0,"60":0,"61":0,"62":7},"f":{"0":78,"1":40,"2":5,"3":10,"4":1,"5":28,"6":4,"7":15,"8":4,"9":2,"10":23,"11":1,"12":2,"13":0},"b":{"0":[2],"1":[3,37],"2":[40,38],"3":[36,1],"4":[34,2],"5":[36,35],"6":[34,26],"7":[34,27],"8":[34,27],"9":[4],"10":[0,5],"11":[1,14],"12":[17,6],"13":[1,0],"14":[1,0],"15":[0,2],"16":[0,2],"17":[0,0],"18":[0,0],"19":[0,0],"20":[0,0],"21":[0,0],"22":[0,0]},"_coverageSchema":"1a1c01bbd47fc00a2c39e90264f33305004495a9","hash":"2d900647532c7fd32069d8d5b3827a72337c5bd0"}
,"/Users/justin/Desktop/College/Sem5/CCP/A2/fragments/src/model/data/index.js": {"path":"/Users/justin/Desktop/College/Sem5/CCP/A2/fragments/src/model/data/index.js","statementMap":{"0":{"start":{"line":5,"column":0},"end":{"line":5,"column":81}}},"fnMap":{},"branchMap":{"0":{"loc":{"start":{"line":5,"column":17},"end":{"line":5,"column":80}},"type":"cond-expr","locations":[{"start":{"line":5,"column":42},"end":{"line":5,"column":58}},{"start":{"line":5,"column":61},"end":{"line":5,"column":80}}],"line":5}},"s":{"0":7},"f":{},"b":{"0":[0,7]},"_coverageSchema":"1a1c01bbd47fc00a2c39e90264f33305004495a9","hash":"e68a86e3a2e00e6a9f3032eb28c0a2b5ad17dbd3"}
,"/Users/justin/Desktop/College/Sem5/CCP/A2/fragments/src/model/data/memory/index.js": {"path":"/Users/justin/Desktop/College/Sem5/CCP/A2/fragments/src/model/data/memory/index.js","statementMap":{"0":{"start":{"line":1,"column":17},"end":{"line":1,"column":39}},"1":{"start":{"line":4,"column":13},"end":{"line":4,"column":27}},"2":{"start":{"line":5,"column":17},"end":{"line":5,"column":31}},"3":{"start":{"line":9,"column":2},"end":{"line":9,"column":63}},"4":{"start":{"line":14,"column":2},"end":{"line":14,"column":35}},"5":{"start":{"line":19,"column":2},"end":{"line":19,"column":39}},"6":{"start":{"line":24,"column":2},"end":{"line":24,"column":31}},"7":{"start":{"line":29,"column":20},"end":{"line":29,"column":49}},"8":{"start":{"line":32,"column":2},"end":{"line":34,"column":3}},"9":{"start":{"line":33,"column":4},"end":{"line":33,"column":21}},"10":{"start":{"line":37,"column":2},"end":{"line":37,"column":50}},"11":{"start":{"line":37,"column":37},"end":{"line":37,"column":48}},"12":{"start":{"line":42,"column":2},"end":{"line":47,"column":5}},"13":{"start":{"line":50,"column":0},"end":{"line":50,"column":45}},"14":{"start":{"line":51,"column":0},"end":{"line":51,"column":45}},"15":{"start":{"line":52,"column":0},"end":{"line":52,"column":43}},"16":{"start":{"line":53,"column":0},"end":{"line":53,"column":53}},"17":{"start":{"line":54,"column":0},"end":{"line":54,"column":51}},"18":{"start":{"line":55,"column":0},"end":{"line":55,"column":47}}},"fnMap":{"0":{"name":"writeFragment","decl":{"start":{"line":8,"column":9},"end":{"line":8,"column":22}},"loc":{"start":{"line":8,"column":33},"end":{"line":10,"column":1}},"line":8},"1":{"name":"readFragment","decl":{"start":{"line":13,"column":9},"end":{"line":13,"column":21}},"loc":{"start":{"line":13,"column":35},"end":{"line":15,"column":1}},"line":13},"2":{"name":"writeFragmentData","decl":{"start":{"line":18,"column":9},"end":{"line":18,"column":26}},"loc":{"start":{"line":18,"column":48},"end":{"line":20,"column":1}},"line":18},"3":{"name":"readFragmentData","decl":{"start":{"line":23,"column":9},"end":{"line":23,"column":25}},"loc":{"start":{"line":23,"column":39},"end":{"line":25,"column":1}},"line":23},"4":{"name":"listFragments","decl":{"start":{"line":28,"column":15},"end":{"line":28,"column":28}},"loc":{"start":{"line":28,"column":54},"end":{"line":38,"column":1}},"line":28},"5":{"name":"(anonymous_5)","decl":{"start":{"line":37,"column":23},"end":{"line":37,"column":24}},"loc":{"start":{"line":37,"column":37},"end":{"line":37,"column":48}},"line":37},"6":{"name":"deleteFragment","decl":{"start":{"line":41,"column":9},"end":{"line":41,"column":23}},"loc":{"start":{"line":41,"column":37},"end":{"line":48,"column":1}},"line":41}},"branchMap":{"0":{"loc":{"start":{"line":28,"column":38},"end":{"line":28,"column":52}},"type":"default-arg","locations":[{"start":{"line":28,"column":47},"end":{"line":28,"column":52}}],"line":28},"1":{"loc":{"start":{"line":32,"column":2},"end":{"line":34,"column":3}},"type":"if","locations":[{"start":{"line":32,"column":2},"end":{"line":34,"column":3}},{"start":{},"end":{}}],"line":32},"2":{"loc":{"start":{"line":32,"column":6},"end":{"line":32,"column":26}},"type":"binary-expr","locations":[{"start":{"line":32,"column":6},"end":{"line":32,"column":12}},{"start":{"line":32,"column":16},"end":{"line":32,"column":26}}],"line":32}},"s":{"0":8,"1":8,"2":8,"3":35,"4":18,"5":21,"6":11,"7":5,"8":5,"9":1,"10":4,"11":1,"12":1,"13":8,"14":8,"15":8,"16":8,"17":8,"18":8},"f":{"0":35,"1":18,"2":21,"3":11,"4":5,"5":1,"6":1},"b":{"0":[0],"1":[1,4],"2":[5,4]},"_coverageSchema":"1a1c01bbd47fc00a2c39e90264f33305004495a9","hash":"10a7461c0c46af3f8fcbc1eb5ebbfeb77419c167"}
,"/Users/justin/Desktop/College/Sem5/CCP/A2/fragments/src/model/data/memory/memory-db.js": {"path":"/Users/justin/Desktop/College/Sem5/CCP/A2/fragments/src/model/data/memory/memory-db.js","statementMap":{"0":{"start":{"line":1,"column":20},"end":{"line":1,"column":52}},"1":{"start":{"line":1,"column":29},"end":{"line":1,"column":52}},"2":{"start":{"line":6,"column":4},"end":{"line":6,"column":17}},"3":{"start":{"line":16,"column":4},"end":{"line":20,"column":5}},"4":{"start":{"line":17,"column":6},"end":{"line":19,"column":8}},"5":{"start":{"line":22,"column":15},"end":{"line":22,"column":22}},"6":{"start":{"line":23,"column":18},"end":{"line":23,"column":64}},"7":{"start":{"line":24,"column":4},"end":{"line":24,"column":34}},"8":{"start":{"line":34,"column":4},"end":{"line":38,"column":5}},"9":{"start":{"line":35,"column":6},"end":{"line":37,"column":8}},"10":{"start":{"line":40,"column":15},"end":{"line":40,"column":22}},"11":{"start":{"line":42,"column":4},"end":{"line":42,"column":42}},"12":{"start":{"line":44,"column":4},"end":{"line":44,"column":41}},"13":{"start":{"line":45,"column":4},"end":{"line":45,"column":29}},"14":{"start":{"line":55,"column":4},"end":{"line":57,"column":5}},"15":{"start":{"line":56,"column":6},"end":{"line":56,"column":85}},"16":{"start":{"line":60,"column":15},"end":{"line":60,"column":22}},"17":{"start":{"line":61,"column":19},"end":{"line":61,"column":70}},"18":{"start":{"line":62,"column":4},"end":{"line":62,"column":35}},"19":{"start":{"line":72,"column":4},"end":{"line":76,"column":5}},"20":{"start":{"line":73,"column":6},"end":{"line":75,"column":8}},"21":{"start":{"line":79,"column":4},"end":{"line":83,"column":5}},"22":{"start":{"line":80,"column":6},"end":{"line":82,"column":8}},"23":{"start":{"line":85,"column":15},"end":{"line":85,"column":22}},"24":{"start":{"line":86,"column":4},"end":{"line":86,"column":40}},"25":{"start":{"line":87,"column":4},"end":{"line":87,"column":29}},"26":{"start":{"line":91,"column":0},"end":{"line":91,"column":26}}},"fnMap":{"0":{"name":"(anonymous_0)","decl":{"start":{"line":1,"column":20},"end":{"line":1,"column":21}},"loc":{"start":{"line":1,"column":29},"end":{"line":1,"column":52}},"line":1},"1":{"name":"(anonymous_1)","decl":{"start":{"line":4,"column":2},"end":{"line":4,"column":3}},"loc":{"start":{"line":4,"column":16},"end":{"line":7,"column":3}},"line":4},"2":{"name":"(anonymous_2)","decl":{"start":{"line":15,"column":2},"end":{"line":15,"column":3}},"loc":{"start":{"line":15,"column":32},"end":{"line":25,"column":3}},"line":15},"3":{"name":"(anonymous_3)","decl":{"start":{"line":33,"column":2},"end":{"line":33,"column":3}},"loc":{"start":{"line":33,"column":39},"end":{"line":46,"column":3}},"line":33},"4":{"name":"(anonymous_4)","decl":{"start":{"line":54,"column":2},"end":{"line":54,"column":3}},"loc":{"start":{"line":54,"column":20},"end":{"line":63,"column":3}},"line":54},"5":{"name":"(anonymous_5)","decl":{"start":{"line":71,"column":2},"end":{"line":71,"column":3}},"loc":{"start":{"line":71,"column":38},"end":{"line":88,"column":3}},"line":71}},"branchMap":{"0":{"loc":{"start":{"line":16,"column":4},"end":{"line":20,"column":5}},"type":"if","locations":[{"start":{"line":16,"column":4},"end":{"line":20,"column":5}},{"start":{},"end":{}}],"line":16},"1":{"loc":{"start":{"line":16,"column":10},"end":{"line":16,"column":62}},"type":"binary-expr","locations":[{"start":{"line":16,"column":10},"end":{"line":16,"column":33}},{"start":{"line":16,"column":37},"end":{"line":16,"column":62}}],"line":16},"2":{"loc":{"start":{"line":23,"column":18},"end":{"line":23,"column":64}},"type":"binary-expr","locations":[{"start":{"line":23,"column":18},"end":{"line":23,"column":32}},{"start":{"line":23,"column":36},"end":{"line":23,"column":64}}],"line":23},"3":{"loc":{"start":{"line":34,"column":4},"end":{"line":38,"column":5}},"type":"if","locations":[{"start":{"line":34,"column":4},"end":{"line":38,"column":5}},{"start":{},"end":{}}],"line":34},"4":{"loc":{"start":{"line":34,"column":10},"end":{"line":34,"column":62}},"type":"binary-expr","locations":[{"start":{"line":34,"column":10},"end":{"line":34,"column":33}},{"start":{"line":34,"column":37},"end":{"line":34,"column":62}}],"line":34},"5":{"loc":{"start":{"line":42,"column":21},"end":{"line":42,"column":41}},"type":"binary-expr","locations":[{"start":{"line":42,"column":21},"end":{"line":42,"column":35}},{"start":{"line":42,"column":39},"end":{"line":42,"column":41}}],"line":42},"6":{"loc":{"start":{"line":55,"column":4},"end":{"line":57,"column":5}},"type":"if","locations":[{"start":{"line":55,"column":4},"end":{"line":57,"column":5}},{"start":{},"end":{}}],"line":55},"7":{"loc":{"start":{"line":61,"column":19},"end":{"line":61,"column":70}},"type":"cond-expr","locations":[{"start":{"line":61,"column":36},"end":{"line":61,"column":65}},{"start":{"line":61,"column":68},"end":{"line":61,"column":70}}],"line":61},"8":{"loc":{"start":{"line":72,"column":4},"end":{"line":76,"column":5}},"type":"if","locations":[{"start":{"line":72,"column":4},"end":{"line":76,"column":5}},{"start":{},"end":{}}],"line":72},"9":{"loc":{"start":{"line":72,"column":10},"end":{"line":72,"column":62}},"type":"binary-expr","locations":[{"start":{"line":72,"column":10},"end":{"line":72,"column":33}},{"start":{"line":72,"column":37},"end":{"line":72,"column":62}}],"line":72},"10":{"loc":{"start":{"line":79,"column":4},"end":{"line":83,"column":5}},"type":"if","locations":[{"start":{"line":79,"column":4},"end":{"line":83,"column":5}},{"start":{},"end":{}}],"line":79}},"s":{"0":9,"1":223,"2":28,"3":41,"4":9,"5":32,"6":32,"7":32,"8":69,"9":8,"10":61,"11":61,"12":61,"13":61,"14":9,"15":2,"16":7,"17":7,"18":7,"19":7,"20":3,"21":4,"22":1,"23":3,"24":3,"25":3,"26":9},"f":{"0":223,"1":28,"2":41,"3":69,"4":9,"5":7},"b":{"0":[9,32],"1":[41,32],"2":[32,29],"3":[8,61],"4":[69,61],"5":[61,23],"6":[2,7],"7":[3,4],"8":[3,4],"9":[7,4],"10":[1,3]},"_coverageSchema":"1a1c01bbd47fc00a2c39e90264f33305004495a9","hash":"e72eef2a85a48f825632e0e815871e14bcfee46f"}
,"/Users/justin/Desktop/College/Sem5/CCP/A2/fragments/src/routes/index.js": {"path":"/Users/justin/Desktop/College/Sem5/CCP/A2/fragments/src/routes/index.js","statementMap":{"0":{"start":{"line":3,"column":16},"end":{"line":3,"column":34}},"1":{"start":{"line":5,"column":21},"end":{"line":5,"column":34}},"2":{"start":{"line":8,"column":28},"end":{"line":8,"column":57}},"3":{"start":{"line":11,"column":25},"end":{"line":11,"column":43}},"4":{"start":{"line":13,"column":34},"end":{"line":13,"column":56}},"5":{"start":{"line":16,"column":15},"end":{"line":16,"column":31}},"6":{"start":{"line":23,"column":0},"end":{"line":23,"column":52}},"7":{"start":{"line":29,"column":0},"end":{"line":44,"column":3}},"8":{"start":{"line":31,"column":2},"end":{"line":31,"column":45}},"9":{"start":{"line":33,"column":2},"end":{"line":43,"column":4}},"10":{"start":{"line":46,"column":0},"end":{"line":46,"column":24}}},"fnMap":{"0":{"name":"(anonymous_0)","decl":{"start":{"line":29,"column":16},"end":{"line":29,"column":17}},"loc":{"start":{"line":29,"column":30},"end":{"line":44,"column":1}},"line":29}},"branchMap":{},"s":{"0":6,"1":6,"2":6,"3":6,"4":6,"5":6,"6":6,"7":6,"8":4,"9":4,"10":6},"f":{"0":4},"b":{},"_coverageSchema":"1a1c01bbd47fc00a2c39e90264f33305004495a9","hash":"0371e93f2cc38d605bb5a0534e48a529fa1802da"}
,"/Users/justin/Desktop/College/Sem5/CCP/A2/fragments/src/routes/api/delete.js": {"path":"/Users/justin/Desktop/College/Sem5/CCP/A2/fragments/src/routes/api/delete.js","statementMap":{"0":{"start":{"line":1,"column":21},"end":{"line":1,"column":52}},"1":{"start":{"line":2,"column":55},"end":{"line":2,"column":80}},"2":{"start":{"line":3,"column":15},"end":{"line":3,"column":38}},"3":{"start":{"line":5,"column":0},"end":{"line":13,"column":2}},"4":{"start":{"line":6,"column":2},"end":{"line":12,"column":3}},"5":{"start":{"line":7,"column":4},"end":{"line":7,"column":51}},"6":{"start":{"line":8,"column":4},"end":{"line":8,"column":87}},"7":{"start":{"line":9,"column":4},"end":{"line":9,"column":49}},"8":{"start":{"line":11,"column":4},"end":{"line":11,"column":78}}},"fnMap":{"0":{"name":"(anonymous_0)","decl":{"start":{"line":5,"column":17},"end":{"line":5,"column":18}},"loc":{"start":{"line":5,"column":37},"end":{"line":13,"column":1}},"line":5}},"branchMap":{},"s":{"0":6,"1":6,"2":6,"3":6,"4":0,"5":0,"6":0,"7":0,"8":0},"f":{"0":0},"b":{},"_coverageSchema":"1a1c01bbd47fc00a2c39e90264f33305004495a9","hash":"7876c22e8c7716bfda82aefacdd057f367c94e5f"}
,"/Users/justin/Desktop/College/Sem5/CCP/A2/fragments/src/routes/api/get.js": {"path":"/Users/justin/Desktop/College/Sem5/CCP/A2/fragments/src/routes/api/get.js","statementMap":{"0":{"start":{"line":1,"column":55},"end":{"line":1,"column":80}},"1":{"start":{"line":2,"column":21},"end":{"line":2,"column":52}},"2":{"start":{"line":3,"column":15},"end":{"line":3,"column":38}},"3":{"start":{"line":8,"column":0},"end":{"line":16,"column":2}},"4":{"start":{"line":9,"column":2},"end":{"line":15,"column":3}},"5":{"start":{"line":10,"column":22},"end":{"line":10,"column":71}},"6":{"start":{"line":11,"column":4},"end":{"line":11,"column":63}},"7":{"start":{"line":12,"column":4},"end":{"line":12,"column":71}},"8":{"start":{"line":14,"column":4},"end":{"line":14,"column":56}}},"fnMap":{"0":{"name":"(anonymous_0)","decl":{"start":{"line":8,"column":17},"end":{"line":8,"column":18}},"loc":{"start":{"line":8,"column":37},"end":{"line":16,"column":1}},"line":8}},"branchMap":{},"s":{"0":6,"1":6,"2":6,"3":6,"4":2,"5":2,"6":2,"7":2,"8":0},"f":{"0":2},"b":{},"_coverageSchema":"1a1c01bbd47fc00a2c39e90264f33305004495a9","hash":"3e94f8caad2e20a106465da70dd13e29c36a9dc6"}
,"/Users/justin/Desktop/College/Sem5/CCP/A2/fragments/src/routes/api/getId.js": {"path":"/Users/justin/Desktop/College/Sem5/CCP/A2/fragments/src/routes/api/getId.js","statementMap":{"0":{"start":{"line":1,"column":32},"end":{"line":1,"column":57}},"1":{"start":{"line":2,"column":21},"end":{"line":2,"column":52}},"2":{"start":{"line":3,"column":13},"end":{"line":3,"column":28}},"3":{"start":{"line":4,"column":15},"end":{"line":4,"column":38}},"4":{"start":{"line":6,"column":0},"end":{"line":48,"column":2}},"5":{"start":{"line":8,"column":16},"end":{"line":8,"column":41}},"6":{"start":{"line":9,"column":18},"end":{"line":9,"column":44}},"7":{"start":{"line":10,"column":2},"end":{"line":47,"column":3}},"8":{"start":{"line":11,"column":27},"end":{"line":11,"column":68}},"9":{"start":{"line":12,"column":19},"end":{"line":12,"column":51}},"10":{"start":{"line":13,"column":4},"end":{"line":13,"column":55}},"11":{"start":{"line":16,"column":4},"end":{"line":44,"column":5}},"12":{"start":{"line":17,"column":6},"end":{"line":17,"column":59}},"13":{"start":{"line":18,"column":6},"end":{"line":18,"column":50}},"14":{"start":{"line":19,"column":6},"end":{"line":22,"column":8}},"15":{"start":{"line":25,"column":6},"end":{"line":43,"column":7}},"16":{"start":{"line":27,"column":8},"end":{"line":38,"column":9}},"17":{"start":{"line":28,"column":23},"end":{"line":28,"column":68}},"18":{"start":{"line":29,"column":10},"end":{"line":29,"column":61}},"19":{"start":{"line":30,"column":10},"end":{"line":30,"column":52}},"20":{"start":{"line":31,"column":10},"end":{"line":31,"column":90}},"21":{"start":{"line":34,"column":23},"end":{"line":34,"column":69}},"22":{"start":{"line":35,"column":10},"end":{"line":35,"column":62}},"23":{"start":{"line":36,"column":10},"end":{"line":36,"column":39}},"24":{"start":{"line":37,"column":10},"end":{"line":37,"column":90}},"25":{"start":{"line":40,"column":8},"end":{"line":42,"column":92}},"26":{"start":{"line":46,"column":4},"end":{"line":46,"column":76}}},"fnMap":{"0":{"name":"(anonymous_0)","decl":{"start":{"line":6,"column":17},"end":{"line":6,"column":18}},"loc":{"start":{"line":6,"column":37},"end":{"line":48,"column":1}},"line":6}},"branchMap":{"0":{"loc":{"start":{"line":16,"column":4},"end":{"line":44,"column":5}},"type":"if","locations":[{"start":{"line":16,"column":4},"end":{"line":44,"column":5}},{"start":{"line":23,"column":11},"end":{"line":44,"column":5}}],"line":16},"1":{"loc":{"start":{"line":16,"column":8},"end":{"line":16,"column":68}},"type":"binary-expr","locations":[{"start":{"line":16,"column":8},"end":{"line":16,"column":23}},{"start":{"line":16,"column":27},"end":{"line":16,"column":68}}],"line":16},"2":{"loc":{"start":{"line":27,"column":8},"end":{"line":38,"column":9}},"type":"if","locations":[{"start":{"line":27,"column":8},"end":{"line":38,"column":9}},{"start":{"line":32,"column":15},"end":{"line":38,"column":9}}],"line":27},"3":{"loc":{"start":{"line":27,"column":12},"end":{"line":27,"column":82}},"type":"binary-expr","locations":[{"start":{"line":27,"column":12},"end":{"line":27,"column":35}},{"start":{"line":27,"column":39},"end":{"line":27,"column":82}}],"line":27}},"s":{"0":6,"1":6,"2":6,"3":6,"4":6,"5":3,"6":3,"7":3,"8":3,"9":2,"10":2,"11":2,"12":1,"13":1,"14":1,"15":1,"16":1,"17":1,"18":1,"19":1,"20":1,"21":0,"22":0,"23":0,"24":0,"25":0,"26":1},"f":{"0":3},"b":{"0":[1,1],"1":[2,1],"2":[1,0],"3":[1,0]},"_coverageSchema":"1a1c01bbd47fc00a2c39e90264f33305004495a9","hash":"519adf3b1be64069a41bca0d40b4f62092f9e49f"}
,"/Users/justin/Desktop/College/Sem5/CCP/A2/fragments/src/routes/api/get_metadata.js": {"path":"/Users/justin/Desktop/College/Sem5/CCP/A2/fragments/src/routes/api/get_metadata.js","statementMap":{"0":{"start":{"line":1,"column":55},"end":{"line":1,"column":80}},"1":{"start":{"line":2,"column":21},"end":{"line":2,"column":52}},"2":{"start":{"line":3,"column":15},"end":{"line":3,"column":38}},"3":{"start":{"line":7,"column":0},"end":{"line":17,"column":2}},"4":{"start":{"line":8,"column":2},"end":{"line":16,"column":3}},"5":{"start":{"line":9,"column":21},"end":{"line":9,"column":65}},"6":{"start":{"line":10,"column":4},"end":{"line":10,"column":72}},"7":{"start":{"line":11,"column":4},"end":{"line":11,"column":99}},"8":{"start":{"line":13,"column":4},"end":{"line":15,"column":88}}},"fnMap":{"0":{"name":"(anonymous_0)","decl":{"start":{"line":7,"column":17},"end":{"line":7,"column":18}},"loc":{"start":{"line":7,"column":37},"end":{"line":17,"column":1}},"line":7}},"branchMap":{},"s":{"0":6,"1":6,"2":6,"3":6,"4":2,"5":2,"6":1,"7":1,"8":1},"f":{"0":2},"b":{},"_coverageSchema":"1a1c01bbd47fc00a2c39e90264f33305004495a9","hash":"2152c9b3832359c35b366babaff11c53cd8e7588"}
,"/Users/justin/Desktop/College/Sem5/CCP/A2/fragments/src/routes/api/index.js": {"path":"/Users/justin/Desktop/College/Sem5/CCP/A2/fragments/src/routes/api/index.js","statementMap":{"0":{"start":{"line":4,"column":21},"end":{"line":4,"column":52}},"1":{"start":{"line":5,"column":20},"end":{"line":5,"column":43}},"2":{"start":{"line":7,"column":16},"end":{"line":7,"column":34}},"3":{"start":{"line":10,"column":15},"end":{"line":10,"column":31}},"4":{"start":{"line":13,"column":16},"end":{"line":24,"column":4}},"5":{"start":{"line":14,"column":2},"end":{"line":24,"column":4}},"6":{"start":{"line":21,"column":23},"end":{"line":21,"column":45}},"7":{"start":{"line":22,"column":6},"end":{"line":22,"column":44}},"8":{"start":{"line":27,"column":0},"end":{"line":27,"column":43}},"9":{"start":{"line":28,"column":0},"end":{"line":28,"column":49}},"10":{"start":{"line":29,"column":0},"end":{"line":29,"column":56}},"11":{"start":{"line":30,"column":0},"end":{"line":30,"column":61}},"12":{"start":{"line":31,"column":0},"end":{"line":31,"column":53}},"13":{"start":{"line":32,"column":0},"end":{"line":32,"column":58}},"14":{"start":{"line":34,"column":0},"end":{"line":34,"column":24}}},"fnMap":{"0":{"name":"(anonymous_0)","decl":{"start":{"line":13,"column":16},"end":{"line":13,"column":17}},"loc":{"start":{"line":14,"column":2},"end":{"line":24,"column":4}},"line":14},"1":{"name":"(anonymous_1)","decl":{"start":{"line":17,"column":10},"end":{"line":17,"column":11}},"loc":{"start":{"line":17,"column":19},"end":{"line":23,"column":5}},"line":17}},"branchMap":{},"s":{"0":6,"1":6,"2":6,"3":6,"4":6,"5":12,"6":8,"7":8,"8":6,"9":6,"10":6,"11":6,"12":6,"13":6,"14":6},"f":{"0":12,"1":8},"b":{},"_coverageSchema":"1a1c01bbd47fc00a2c39e90264f33305004495a9","hash":"095b124c56e346c58779558552d6bb24b602f181"}
,"/Users/justin/Desktop/College/Sem5/CCP/A2/fragments/src/routes/api/post.js": {"path":"/Users/justin/Desktop/College/Sem5/CCP/A2/fragments/src/routes/api/post.js","statementMap":{"0":{"start":{"line":1,"column":21},"end":{"line":1,"column":52}},"1":{"start":{"line":2,"column":55},"end":{"line":2,"column":80}},"2":{"start":{"line":3,"column":15},"end":{"line":3,"column":38}},"3":{"start":{"line":5,"column":0},"end":{"line":26,"column":2}},"4":{"start":{"line":6,"column":2},"end":{"line":25,"column":3}},"5":{"start":{"line":7,"column":4},"end":{"line":7,"column":84}},"6":{"start":{"line":9,"column":4},"end":{"line":24,"column":5}},"7":{"start":{"line":10,"column":23},"end":{"line":14,"column":8}},"8":{"start":{"line":15,"column":6},"end":{"line":15,"column":39}},"9":{"start":{"line":16,"column":6},"end":{"line":16,"column":28}},"10":{"start":{"line":17,"column":6},"end":{"line":20,"column":51}},"11":{"start":{"line":21,"column":6},"end":{"line":21,"column":84}},"12":{"start":{"line":23,"column":6},"end":{"line":23,"column":93}}},"fnMap":{"0":{"name":"(anonymous_0)","decl":{"start":{"line":5,"column":17},"end":{"line":5,"column":18}},"loc":{"start":{"line":5,"column":37},"end":{"line":26,"column":1}},"line":5}},"branchMap":{"0":{"loc":{"start":{"line":6,"column":2},"end":{"line":25,"column":3}},"type":"if","locations":[{"start":{"line":6,"column":2},"end":{"line":25,"column":3}},{"start":{"line":8,"column":9},"end":{"line":25,"column":3}}],"line":6}},"s":{"0":6,"1":6,"2":6,"3":6,"4":8,"5":1,"6":7,"7":7,"8":7,"9":7,"10":7,"11":7,"12":0},"f":{"0":8},"b":{"0":[1,7]},"_coverageSchema":"1a1c01bbd47fc00a2c39e90264f33305004495a9","hash":"3ed27d42f64613aa660d44c191df912dcf2ac314"}
,"/Users/justin/Desktop/College/Sem5/CCP/A2/fragments/src/routes/api/put.js": {"path":"/Users/justin/Desktop/College/Sem5/CCP/A2/fragments/src/routes/api/put.js","statementMap":{"0":{"start":{"line":1,"column":34},"end":{"line":1,"column":59}},"1":{"start":{"line":2,"column":32},"end":{"line":2,"column":57}},"2":{"start":{"line":3,"column":21},"end":{"line":3,"column":52}},"3":{"start":{"line":4,"column":15},"end":{"line":4,"column":38}},"4":{"start":{"line":6,"column":0},"end":{"line":35,"column":2}},"5":{"start":{"line":7,"column":2},"end":{"line":34,"column":3}},"6":{"start":{"line":8,"column":4},"end":{"line":23,"column":5}},"7":{"start":{"line":9,"column":6},"end":{"line":9,"column":61}},"8":{"start":{"line":10,"column":23},"end":{"line":10,"column":67}},"9":{"start":{"line":11,"column":22},"end":{"line":11,"column":33}},"10":{"start":{"line":12,"column":6},"end":{"line":20,"column":7}},"11":{"start":{"line":13,"column":8},"end":{"line":13,"column":50}},"12":{"start":{"line":14,"column":26},"end":{"line":14,"column":48}},"13":{"start":{"line":15,"column":8},"end":{"line":15,"column":42}},"14":{"start":{"line":16,"column":8},"end":{"line":16,"column":45}},"15":{"start":{"line":17,"column":8},"end":{"line":17,"column":82}},"16":{"start":{"line":19,"column":8},"end":{"line":19,"column":95}},"17":{"start":{"line":22,"column":6},"end":{"line":22,"column":79}},"18":{"start":{"line":25,"column":4},"end":{"line":25,"column":49}},"19":{"start":{"line":26,"column":4},"end":{"line":33,"column":8}}},"fnMap":{"0":{"name":"(anonymous_0)","decl":{"start":{"line":6,"column":17},"end":{"line":6,"column":18}},"loc":{"start":{"line":6,"column":37},"end":{"line":35,"column":1}},"line":6}},"branchMap":{"0":{"loc":{"start":{"line":7,"column":2},"end":{"line":34,"column":3}},"type":"if","locations":[{"start":{"line":7,"column":2},"end":{"line":34,"column":3}},{"start":{"line":24,"column":9},"end":{"line":34,"column":3}}],"line":7},"1":{"loc":{"start":{"line":12,"column":6},"end":{"line":20,"column":7}},"type":"if","locations":[{"start":{"line":12,"column":6},"end":{"line":20,"column":7}},{"start":{"line":18,"column":13},"end":{"line":20,"column":7}}],"line":12}},"s":{"0":6,"1":6,"2":6,"3":6,"4":6,"5":0,"6":0,"7":0,"8":0,"9":0,"10":0,"11":0,"12":0,"13":0,"14":0,"15":0,"16":0,"17":0,"18":0,"19":0},"f":{"0":0},"b":{"0":[0,0],"1":[0,0]},"_coverageSchema":"1a1c01bbd47fc00a2c39e90264f33305004495a9","hash":"f69c417129c1bd205bd24605e8b669a97aba2e90"}
}
