{"/Users/justin/Desktop/College/Sem5/CCP/W5/fragments/src/app.js": {"path":"/Users/justin/Desktop/College/Sem5/CCP/W5/fragments/src/app.js","statementMap":{"0":{"start":{"line":3,"column":16},"end":{"line":3,"column":34}},"1":{"start":{"line":4,"column":13},"end":{"line":4,"column":28}},"2":{"start":{"line":5,"column":15},"end":{"line":5,"column":32}},"3":{"start":{"line":6,"column":20},"end":{"line":6,"column":42}},"4":{"start":{"line":7,"column":17},"end":{"line":7,"column":36}},"5":{"start":{"line":8,"column":21},"end":{"line":8,"column":38}},"6":{"start":{"line":10,"column":32},"end":{"line":10,"column":53}},"7":{"start":{"line":16,"column":15},"end":{"line":16,"column":34}},"8":{"start":{"line":17,"column":13},"end":{"line":20,"column":2}},"9":{"start":{"line":23,"column":12},"end":{"line":23,"column":21}},"10":{"start":{"line":26,"column":0},"end":{"line":26,"column":14}},"11":{"start":{"line":29,"column":0},"end":{"line":29,"column":18}},"12":{"start":{"line":32,"column":0},"end":{"line":32,"column":16}},"13":{"start":{"line":35,"column":0},"end":{"line":35,"column":23}},"14":{"start":{"line":38,"column":0},"end":{"line":38,"column":23}},"15":{"start":{"line":41,"column":0},"end":{"line":41,"column":38}},"16":{"start":{"line":42,"column":0},"end":{"line":42,"column":31}},"17":{"start":{"line":45,"column":0},"end":{"line":45,"column":34}},"18":{"start":{"line":48,"column":0},"end":{"line":50,"column":3}},"19":{"start":{"line":49,"column":2},"end":{"line":49,"column":62}},"20":{"start":{"line":54,"column":0},"end":{"line":72,"column":3}},"21":{"start":{"line":57,"column":17},"end":{"line":57,"column":34}},"22":{"start":{"line":58,"column":18},"end":{"line":58,"column":60}},"23":{"start":{"line":61,"column":2},"end":{"line":63,"column":3}},"24":{"start":{"line":62,"column":4},"end":{"line":62,"column":54}},"25":{"start":{"line":65,"column":2},"end":{"line":71,"column":5}},"26":{"start":{"line":75,"column":0},"end":{"line":75,"column":21}}},"fnMap":{"0":{"name":"(anonymous_0)","decl":{"start":{"line":48,"column":8},"end":{"line":48,"column":9}},"loc":{"start":{"line":48,"column":22},"end":{"line":50,"column":1}},"line":48},"1":{"name":"(anonymous_1)","decl":{"start":{"line":54,"column":8},"end":{"line":54,"column":9}},"loc":{"start":{"line":54,"column":33},"end":{"line":72,"column":1}},"line":54}},"branchMap":{"0":{"loc":{"start":{"line":57,"column":17},"end":{"line":57,"column":34}},"type":"binary-expr","locations":[{"start":{"line":57,"column":17},"end":{"line":57,"column":27}},{"start":{"line":57,"column":31},"end":{"line":57,"column":34}}],"line":57},"1":{"loc":{"start":{"line":58,"column":18},"end":{"line":58,"column":60}},"type":"binary-expr","locations":[{"start":{"line":58,"column":18},"end":{"line":58,"column":29}},{"start":{"line":58,"column":33},"end":{"line":58,"column":60}}],"line":58},"2":{"loc":{"start":{"line":61,"column":2},"end":{"line":63,"column":3}},"type":"if","locations":[{"start":{"line":61,"column":2},"end":{"line":63,"column":3}},{"start":{},"end":{}}],"line":61}},"s":{"0":5,"1":5,"2":5,"3":5,"4":5,"5":5,"6":5,"7":5,"8":5,"9":5,"10":5,"11":5,"12":5,"13":5,"14":5,"15":5,"16":5,"17":5,"18":5,"19":1,"20":5,"21":0,"22":0,"23":0,"24":0,"25":0,"26":5},"f":{"0":1,"1":0},"b":{"0":[0,0],"1":[0,0],"2":[0,0]},"_coverageSchema":"1a1c01bbd47fc00a2c39e90264f33305004495a9","hash":"d741b9b552a4aec2c2d89a3a3e6eef0ed03ef61d"}
,"/Users/justin/Desktop/College/Sem5/CCP/W5/fragments/src/hash.js": {"path":"/Users/justin/Desktop/College/Sem5/CCP/W5/fragments/src/hash.js","statementMap":{"0":{"start":{"line":16,"column":15},"end":{"line":16,"column":32}},"1":{"start":{"line":22,"column":0},"end":{"line":22,"column":84}},"2":{"start":{"line":22,"column":28},"end":{"line":22,"column":83}}},"fnMap":{"0":{"name":"(anonymous_0)","decl":{"start":{"line":22,"column":17},"end":{"line":22,"column":18}},"loc":{"start":{"line":22,"column":28},"end":{"line":22,"column":83}},"line":22}},"branchMap":{},"s":{"0":6,"1":6,"2":13},"f":{"0":13},"b":{},"_coverageSchema":"1a1c01bbd47fc00a2c39e90264f33305004495a9","hash":"a057c7ec0ba1820e0d6525e08bf3f4f3b173e1df"}
,"/Users/justin/Desktop/College/Sem5/CCP/W5/fragments/src/logger.js": {"path":"/Users/justin/Desktop/College/Sem5/CCP/W5/fragments/src/logger.js","statementMap":{"0":{"start":{"line":4,"column":16},"end":{"line":4,"column":58}},"1":{"start":{"line":7,"column":0},"end":{"line":15,"column":1}},"2":{"start":{"line":9,"column":2},"end":{"line":14,"column":4}},"3":{"start":{"line":19,"column":0},"end":{"line":19,"column":42}}},"fnMap":{},"branchMap":{"0":{"loc":{"start":{"line":4,"column":25},"end":{"line":4,"column":56}},"type":"binary-expr","locations":[{"start":{"line":4,"column":25},"end":{"line":4,"column":46}},{"start":{"line":4,"column":50},"end":{"line":4,"column":56}}],"line":4},"1":{"loc":{"start":{"line":7,"column":0},"end":{"line":15,"column":1}},"type":"if","locations":[{"start":{"line":7,"column":0},"end":{"line":15,"column":1}},{"start":{},"end":{}}],"line":7}},"s":{"0":5,"1":5,"2":0,"3":5},"f":{},"b":{"0":[5,0],"1":[0,5]},"_coverageSchema":"1a1c01bbd47fc00a2c39e90264f33305004495a9","hash":"4c45ef0252de6ce46a3a4f83273f985ab0916ae6"}
,"/Users/justin/Desktop/College/Sem5/CCP/W5/fragments/src/response.js": {"path":"/Users/justin/Desktop/College/Sem5/CCP/W5/fragments/src/response.js","statementMap":{"0":{"start":{"line":11,"column":0},"end":{"line":16,"column":2}},"1":{"start":{"line":12,"column":2},"end":{"line":15,"column":4}},"2":{"start":{"line":29,"column":0},"end":{"line":37,"column":2}},"3":{"start":{"line":30,"column":2},"end":{"line":36,"column":4}}},"fnMap":{"0":{"name":"(anonymous_0)","decl":{"start":{"line":11,"column":39},"end":{"line":11,"column":40}},"loc":{"start":{"line":11,"column":55},"end":{"line":16,"column":1}},"line":11},"1":{"name":"(anonymous_1)","decl":{"start":{"line":29,"column":37},"end":{"line":29,"column":38}},"loc":{"start":{"line":29,"column":62},"end":{"line":37,"column":1}},"line":29}},"branchMap":{},"s":{"0":6,"1":12,"2":6,"3":8},"f":{"0":12,"1":8},"b":{},"_coverageSchema":"1a1c01bbd47fc00a2c39e90264f33305004495a9","hash":"ea67b6e0e378ba973d2b728c3bb90ad799c205a5"}
,"/Users/justin/Desktop/College/Sem5/CCP/W5/fragments/src/auth/auth-middleware.js": {"path":"/Users/justin/Desktop/College/Sem5/CCP/W5/fragments/src/auth/auth-middleware.js","statementMap":{"0":{"start":{"line":1,"column":17},"end":{"line":1,"column":36}},"1":{"start":{"line":3,"column":32},"end":{"line":3,"column":54}},"2":{"start":{"line":4,"column":13},"end":{"line":4,"column":31}},"3":{"start":{"line":5,"column":15},"end":{"line":5,"column":35}},"4":{"start":{"line":11,"column":0},"end":{"line":43,"column":2}},"5":{"start":{"line":12,"column":2},"end":{"line":42,"column":4}},"6":{"start":{"line":21,"column":6},"end":{"line":24,"column":7}},"7":{"start":{"line":22,"column":8},"end":{"line":22,"column":58}},"8":{"start":{"line":23,"column":8},"end":{"line":23,"column":77}},"9":{"start":{"line":27,"column":6},"end":{"line":29,"column":7}},"10":{"start":{"line":28,"column":8},"end":{"line":28,"column":78}},"11":{"start":{"line":32,"column":6},"end":{"line":32,"column":29}},"12":{"start":{"line":33,"column":6},"end":{"line":33,"column":68}},"13":{"start":{"line":36,"column":6},"end":{"line":36,"column":13}},"14":{"start":{"line":41,"column":4},"end":{"line":41,"column":86}}},"fnMap":{"0":{"name":"(anonymous_0)","decl":{"start":{"line":11,"column":17},"end":{"line":11,"column":18}},"loc":{"start":{"line":11,"column":35},"end":{"line":43,"column":1}},"line":11},"1":{"name":"(anonymous_1)","decl":{"start":{"line":12,"column":9},"end":{"line":12,"column":10}},"loc":{"start":{"line":12,"column":35},"end":{"line":42,"column":3}},"line":12},"2":{"name":"callback","decl":{"start":{"line":19,"column":13},"end":{"line":19,"column":21}},"loc":{"start":{"line":19,"column":34},"end":{"line":37,"column":5}},"line":19}},"branchMap":{"0":{"loc":{"start":{"line":21,"column":6},"end":{"line":24,"column":7}},"type":"if","locations":[{"start":{"line":21,"column":6},"end":{"line":24,"column":7}},{"start":{},"end":{}}],"line":21},"1":{"loc":{"start":{"line":27,"column":6},"end":{"line":29,"column":7}},"type":"if","locations":[{"start":{"line":27,"column":6},"end":{"line":29,"column":7}},{"start":{},"end":{}}],"line":27}},"s":{"0":5,"1":5,"2":5,"3":5,"4":5,"5":5,"6":13,"7":0,"8":0,"9":13,"10":4,"11":9,"12":9,"13":9,"14":13},"f":{"0":5,"1":13,"2":13},"b":{"0":[0,13],"1":[4,9]},"_coverageSchema":"1a1c01bbd47fc00a2c39e90264f33305004495a9","hash":"5fde8e1785f1f6c1750c3501c1b7e182365a774f"}
,"/Users/justin/Desktop/College/Sem5/CCP/W5/fragments/src/auth/basic-auth.js": {"path":"/Users/justin/Desktop/College/Sem5/CCP/W5/fragments/src/auth/basic-auth.js","statementMap":{"0":{"start":{"line":6,"column":13},"end":{"line":6,"column":33}},"1":{"start":{"line":8,"column":21},"end":{"line":8,"column":50}},"2":{"start":{"line":9,"column":18},"end":{"line":9,"column":46}},"3":{"start":{"line":12,"column":0},"end":{"line":14,"column":1}},"4":{"start":{"line":13,"column":2},"end":{"line":13,"column":61}},"5":{"start":{"line":16,"column":0},"end":{"line":23,"column":4}},"6":{"start":{"line":19,"column":2},"end":{"line":23,"column":3}},"7":{"start":{"line":25,"column":0},"end":{"line":25,"column":54}},"8":{"start":{"line":25,"column":36},"end":{"line":25,"column":53}}},"fnMap":{"0":{"name":"(anonymous_0)","decl":{"start":{"line":16,"column":26},"end":{"line":16,"column":27}},"loc":{"start":{"line":19,"column":2},"end":{"line":23,"column":3}},"line":19},"1":{"name":"(anonymous_1)","decl":{"start":{"line":25,"column":30},"end":{"line":25,"column":31}},"loc":{"start":{"line":25,"column":36},"end":{"line":25,"column":53}},"line":25}},"branchMap":{"0":{"loc":{"start":{"line":12,"column":0},"end":{"line":14,"column":1}},"type":"if","locations":[{"start":{"line":12,"column":0},"end":{"line":14,"column":1}},{"start":{},"end":{}}],"line":12}},"s":{"0":5,"1":5,"2":5,"3":5,"4":0,"5":5,"6":5,"7":5,"8":5},"f":{"0":5,"1":5},"b":{"0":[0,5]},"_coverageSchema":"1a1c01bbd47fc00a2c39e90264f33305004495a9","hash":"595c59c1d7bf3715132db59581377862c7d75863"}
,"/Users/justin/Desktop/College/Sem5/CCP/W5/fragments/src/auth/index.js": {"path":"/Users/justin/Desktop/College/Sem5/CCP/W5/fragments/src/auth/index.js","statementMap":{"0":{"start":{"line":4,"column":0},"end":{"line":14,"column":1}},"1":{"start":{"line":5,"column":2},"end":{"line":5,"column":40}},"2":{"start":{"line":8,"column":5},"end":{"line":14,"column":1}},"3":{"start":{"line":9,"column":2},"end":{"line":9,"column":43}},"4":{"start":{"line":13,"column":2},"end":{"line":13,"column":76}}},"fnMap":{},"branchMap":{"0":{"loc":{"start":{"line":4,"column":0},"end":{"line":14,"column":1}},"type":"if","locations":[{"start":{"line":4,"column":0},"end":{"line":14,"column":1}},{"start":{"line":8,"column":5},"end":{"line":14,"column":1}}],"line":4},"1":{"loc":{"start":{"line":4,"column":4},"end":{"line":4,"column":72}},"type":"binary-expr","locations":[{"start":{"line":4,"column":4},"end":{"line":4,"column":35}},{"start":{"line":4,"column":39},"end":{"line":4,"column":72}}],"line":4},"2":{"loc":{"start":{"line":8,"column":5},"end":{"line":14,"column":1}},"type":"if","locations":[{"start":{"line":8,"column":5},"end":{"line":14,"column":1}},{"start":{"line":12,"column":5},"end":{"line":14,"column":1}}],"line":8},"3":{"loc":{"start":{"line":8,"column":9},"end":{"line":8,"column":71}},"type":"binary-expr","locations":[{"start":{"line":8,"column":9},"end":{"line":8,"column":34}},{"start":{"line":8,"column":38},"end":{"line":8,"column":71}}],"line":8}},"s":{"0":5,"1":0,"2":5,"3":5,"4":0},"f":{},"b":{"0":[0,5],"1":[5,0],"2":[5,0],"3":[5,5]},"_coverageSchema":"1a1c01bbd47fc00a2c39e90264f33305004495a9","hash":"6be938bcf2e652f8f095c7b6c158243c0fdbed8a"}
,"/Users/justin/Desktop/College/Sem5/CCP/W5/fragments/src/model/fragment.js": {"path":"/Users/justin/Desktop/College/Sem5/CCP/W5/fragments/src/model/fragment.js","statementMap":{"0":{"start":{"line":2,"column":23},"end":{"line":2,"column":40}},"1":{"start":{"line":3,"column":20},"end":{"line":3,"column":43}},"2":{"start":{"line":4,"column":20},"end":{"line":4,"column":52}},"3":{"start":{"line":4,"column":29},"end":{"line":4,"column":52}},"4":{"start":{"line":14,"column":4},"end":{"line":14,"column":21}},"5":{"start":{"line":16,"column":23},"end":{"line":25,"column":1}},"6":{"start":{"line":31,"column":4},"end":{"line":33,"column":5}},"7":{"start":{"line":32,"column":6},"end":{"line":32,"column":55}},"8":{"start":{"line":34,"column":4},"end":{"line":38,"column":5}},"9":{"start":{"line":35,"column":6},"end":{"line":35,"column":23}},"10":{"start":{"line":37,"column":6},"end":{"line":37,"column":49}},"11":{"start":{"line":39,"column":4},"end":{"line":43,"column":5}},"12":{"start":{"line":40,"column":6},"end":{"line":40,"column":23}},"13":{"start":{"line":42,"column":6},"end":{"line":42,"column":24}},"14":{"start":{"line":44,"column":4},"end":{"line":44,"column":33}},"15":{"start":{"line":45,"column":4},"end":{"line":45,"column":27}},"16":{"start":{"line":46,"column":4},"end":{"line":46,"column":55}},"17":{"start":{"line":47,"column":4},"end":{"line":47,"column":55}},"18":{"start":{"line":51,"column":4},"end":{"line":53,"column":5}},"19":{"start":{"line":52,"column":6},"end":{"line":52,"column":50}},"20":{"start":{"line":55,"column":4},"end":{"line":55,"column":42}},"21":{"start":{"line":60,"column":25},"end":{"line":60,"column":56}},"22":{"start":{"line":62,"column":4},"end":{"line":62,"column":38}},"23":{"start":{"line":67,"column":4},"end":{"line":67,"column":38}},"24":{"start":{"line":71,"column":4},"end":{"line":71,"column":44}},"25":{"start":{"line":72,"column":4},"end":{"line":72,"column":31}},"26":{"start":{"line":76,"column":4},"end":{"line":76,"column":51}},"27":{"start":{"line":80,"column":4},"end":{"line":82,"column":5}},"28":{"start":{"line":81,"column":6},"end":{"line":81,"column":41}},"29":{"start":{"line":83,"column":4},"end":{"line":83,"column":28}},"30":{"start":{"line":84,"column":4},"end":{"line":84,"column":16}},"31":{"start":{"line":85,"column":4},"end":{"line":85,"column":58}},"32":{"start":{"line":88,"column":21},"end":{"line":88,"column":49}},"33":{"start":{"line":89,"column":4},"end":{"line":89,"column":16}},"34":{"start":{"line":93,"column":4},"end":{"line":93,"column":45}},"35":{"start":{"line":97,"column":4},"end":{"line":97,"column":66}},"36":{"start":{"line":102,"column":0},"end":{"line":102,"column":35}}},"fnMap":{"0":{"name":"(anonymous_0)","decl":{"start":{"line":4,"column":20},"end":{"line":4,"column":21}},"loc":{"start":{"line":4,"column":29},"end":{"line":4,"column":52}},"line":4},"1":{"name":"(anonymous_1)","decl":{"start":{"line":29,"column":2},"end":{"line":29,"column":3}},"loc":{"start":{"line":29,"column":65},"end":{"line":48,"column":3}},"line":29},"2":{"name":"(anonymous_2)","decl":{"start":{"line":50,"column":2},"end":{"line":50,"column":3}},"loc":{"start":{"line":50,"column":47},"end":{"line":56,"column":3}},"line":50},"3":{"name":"(anonymous_3)","decl":{"start":{"line":58,"column":2},"end":{"line":58,"column":3}},"loc":{"start":{"line":58,"column":33},"end":{"line":63,"column":3}},"line":58},"4":{"name":"(anonymous_4)","decl":{"start":{"line":65,"column":2},"end":{"line":65,"column":3}},"loc":{"start":{"line":65,"column":35},"end":{"line":68,"column":3}},"line":65},"5":{"name":"(anonymous_5)","decl":{"start":{"line":70,"column":2},"end":{"line":70,"column":3}},"loc":{"start":{"line":70,"column":15},"end":{"line":73,"column":3}},"line":70},"6":{"name":"(anonymous_6)","decl":{"start":{"line":75,"column":2},"end":{"line":75,"column":3}},"loc":{"start":{"line":75,"column":18},"end":{"line":77,"column":3}},"line":75},"7":{"name":"(anonymous_7)","decl":{"start":{"line":79,"column":2},"end":{"line":79,"column":3}},"loc":{"start":{"line":79,"column":22},"end":{"line":86,"column":3}},"line":79},"8":{"name":"(anonymous_8)","decl":{"start":{"line":87,"column":2},"end":{"line":87,"column":3}},"loc":{"start":{"line":87,"column":17},"end":{"line":90,"column":3}},"line":87},"9":{"name":"(anonymous_9)","decl":{"start":{"line":92,"column":2},"end":{"line":92,"column":3}},"loc":{"start":{"line":92,"column":15},"end":{"line":94,"column":3}},"line":92},"10":{"name":"(anonymous_10)","decl":{"start":{"line":96,"column":2},"end":{"line":96,"column":3}},"loc":{"start":{"line":96,"column":32},"end":{"line":98,"column":3}},"line":96}},"branchMap":{"0":{"loc":{"start":{"line":29,"column":53},"end":{"line":29,"column":61}},"type":"default-arg","locations":[{"start":{"line":29,"column":60},"end":{"line":29,"column":61}}],"line":29},"1":{"loc":{"start":{"line":31,"column":4},"end":{"line":33,"column":5}},"type":"if","locations":[{"start":{"line":31,"column":4},"end":{"line":33,"column":5}},{"start":{},"end":{}}],"line":31},"2":{"loc":{"start":{"line":31,"column":10},"end":{"line":31,"column":51}},"type":"binary-expr","locations":[{"start":{"line":31,"column":10},"end":{"line":31,"column":30}},{"start":{"line":31,"column":34},"end":{"line":31,"column":51}}],"line":31},"3":{"loc":{"start":{"line":34,"column":4},"end":{"line":38,"column":5}},"type":"if","locations":[{"start":{"line":34,"column":4},"end":{"line":38,"column":5}},{"start":{"line":36,"column":11},"end":{"line":38,"column":5}}],"line":34},"4":{"loc":{"start":{"line":39,"column":4},"end":{"line":43,"column":5}},"type":"if","locations":[{"start":{"line":39,"column":4},"end":{"line":43,"column":5}},{"start":{"line":41,"column":11},"end":{"line":43,"column":5}}],"line":39},"5":{"loc":{"start":{"line":39,"column":8},"end":{"line":39,"column":44}},"type":"binary-expr","locations":[{"start":{"line":39,"column":8},"end":{"line":39,"column":17}},{"start":{"line":39,"column":21},"end":{"line":39,"column":44}}],"line":39},"6":{"loc":{"start":{"line":44,"column":14},"end":{"line":44,"column":32}},"type":"binary-expr","locations":[{"start":{"line":44,"column":14},"end":{"line":44,"column":16}},{"start":{"line":44,"column":20},"end":{"line":44,"column":32}}],"line":44},"7":{"loc":{"start":{"line":46,"column":19},"end":{"line":46,"column":54}},"type":"binary-expr","locations":[{"start":{"line":46,"column":19},"end":{"line":46,"column":26}},{"start":{"line":46,"column":30},"end":{"line":46,"column":54}}],"line":46},"8":{"loc":{"start":{"line":47,"column":19},"end":{"line":47,"column":54}},"type":"binary-expr","locations":[{"start":{"line":47,"column":19},"end":{"line":47,"column":26}},{"start":{"line":47,"column":30},"end":{"line":47,"column":54}}],"line":47},"9":{"loc":{"start":{"line":50,"column":31},"end":{"line":50,"column":45}},"type":"default-arg","locations":[{"start":{"line":50,"column":40},"end":{"line":50,"column":45}}],"line":50},"10":{"loc":{"start":{"line":51,"column":4},"end":{"line":53,"column":5}},"type":"if","locations":[{"start":{"line":51,"column":4},"end":{"line":53,"column":5}},{"start":{},"end":{}}],"line":51},"11":{"loc":{"start":{"line":80,"column":4},"end":{"line":82,"column":5}},"type":"if","locations":[{"start":{"line":80,"column":4},"end":{"line":82,"column":5}},{"start":{},"end":{}}],"line":80}},"s":{"0":6,"1":6,"2":6,"3":68,"4":6,"5":6,"6":35,"7":3,"8":32,"9":31,"10":1,"11":31,"12":29,"13":2,"14":29,"15":29,"16":29,"17":29,"18":5,"19":0,"20":5,"21":7,"22":7,"23":1,"24":22,"25":22,"26":2,"27":12,"28":1,"29":11,"30":11,"31":11,"32":5,"33":5,"34":2,"35":17,"36":6},"f":{"0":68,"1":35,"2":5,"3":7,"4":1,"5":22,"6":2,"7":12,"8":5,"9":2,"10":17},"b":{"0":[2],"1":[3,32],"2":[35,33],"3":[31,1],"4":[29,2],"5":[31,30],"6":[29,23],"7":[29,24],"8":[29,24],"9":[4],"10":[0,5],"11":[1,11]},"_coverageSchema":"1a1c01bbd47fc00a2c39e90264f33305004495a9","hash":"f45a653c1206624aabf6ac28b2a9a265265fd6a6"}
,"/Users/justin/Desktop/College/Sem5/CCP/W5/fragments/src/model/data/index.js": {"path":"/Users/justin/Desktop/College/Sem5/CCP/W5/fragments/src/model/data/index.js","statementMap":{"0":{"start":{"line":1,"column":0},"end":{"line":1,"column":37}}},"fnMap":{},"branchMap":{},"s":{"0":6},"f":{},"b":{},"_coverageSchema":"1a1c01bbd47fc00a2c39e90264f33305004495a9","hash":"9cc5866d99f38b12a24e65648d5d0f249ec4b5a1"}
,"/Users/justin/Desktop/College/Sem5/CCP/W5/fragments/src/model/data/memory/index.js": {"path":"/Users/justin/Desktop/College/Sem5/CCP/W5/fragments/src/model/data/memory/index.js","statementMap":{"0":{"start":{"line":1,"column":17},"end":{"line":1,"column":39}},"1":{"start":{"line":4,"column":13},"end":{"line":4,"column":27}},"2":{"start":{"line":5,"column":17},"end":{"line":5,"column":31}},"3":{"start":{"line":9,"column":2},"end":{"line":9,"column":63}},"4":{"start":{"line":14,"column":2},"end":{"line":14,"column":35}},"5":{"start":{"line":19,"column":2},"end":{"line":19,"column":39}},"6":{"start":{"line":24,"column":2},"end":{"line":24,"column":31}},"7":{"start":{"line":29,"column":20},"end":{"line":29,"column":49}},"8":{"start":{"line":32,"column":2},"end":{"line":34,"column":3}},"9":{"start":{"line":33,"column":4},"end":{"line":33,"column":21}},"10":{"start":{"line":37,"column":2},"end":{"line":37,"column":50}},"11":{"start":{"line":37,"column":37},"end":{"line":37,"column":48}},"12":{"start":{"line":42,"column":2},"end":{"line":47,"column":5}},"13":{"start":{"line":50,"column":0},"end":{"line":50,"column":45}},"14":{"start":{"line":51,"column":0},"end":{"line":51,"column":45}},"15":{"start":{"line":52,"column":0},"end":{"line":52,"column":43}},"16":{"start":{"line":53,"column":0},"end":{"line":53,"column":53}},"17":{"start":{"line":54,"column":0},"end":{"line":54,"column":51}},"18":{"start":{"line":55,"column":0},"end":{"line":55,"column":47}}},"fnMap":{"0":{"name":"writeFragment","decl":{"start":{"line":8,"column":9},"end":{"line":8,"column":22}},"loc":{"start":{"line":8,"column":33},"end":{"line":10,"column":1}},"line":8},"1":{"name":"readFragment","decl":{"start":{"line":13,"column":9},"end":{"line":13,"column":21}},"loc":{"start":{"line":13,"column":35},"end":{"line":15,"column":1}},"line":13},"2":{"name":"writeFragmentData","decl":{"start":{"line":18,"column":9},"end":{"line":18,"column":26}},"loc":{"start":{"line":18,"column":48},"end":{"line":20,"column":1}},"line":18},"3":{"name":"readFragmentData","decl":{"start":{"line":23,"column":9},"end":{"line":23,"column":25}},"loc":{"start":{"line":23,"column":39},"end":{"line":25,"column":1}},"line":23},"4":{"name":"listFragments","decl":{"start":{"line":28,"column":15},"end":{"line":28,"column":28}},"loc":{"start":{"line":28,"column":54},"end":{"line":38,"column":1}},"line":28},"5":{"name":"(anonymous_5)","decl":{"start":{"line":37,"column":23},"end":{"line":37,"column":24}},"loc":{"start":{"line":37,"column":37},"end":{"line":37,"column":48}},"line":37},"6":{"name":"deleteFragment","decl":{"start":{"line":41,"column":9},"end":{"line":41,"column":23}},"loc":{"start":{"line":41,"column":37},"end":{"line":48,"column":1}},"line":41}},"branchMap":{"0":{"loc":{"start":{"line":28,"column":38},"end":{"line":28,"column":52}},"type":"default-arg","locations":[{"start":{"line":28,"column":47},"end":{"line":28,"column":52}}],"line":28},"1":{"loc":{"start":{"line":32,"column":2},"end":{"line":34,"column":3}},"type":"if","locations":[{"start":{"line":32,"column":2},"end":{"line":34,"column":3}},{"start":{},"end":{}}],"line":32},"2":{"loc":{"start":{"line":32,"column":6},"end":{"line":32,"column":26}},"type":"binary-expr","locations":[{"start":{"line":32,"column":6},"end":{"line":32,"column":12}},{"start":{"line":32,"column":16},"end":{"line":32,"column":26}}],"line":32}},"s":{"0":7,"1":7,"2":7,"3":29,"4":15,"5":18,"6":9,"7":5,"8":5,"9":1,"10":4,"11":1,"12":1,"13":7,"14":7,"15":7,"16":7,"17":7,"18":7},"f":{"0":29,"1":15,"2":18,"3":9,"4":5,"5":1,"6":1},"b":{"0":[0],"1":[1,4],"2":[5,4]},"_coverageSchema":"1a1c01bbd47fc00a2c39e90264f33305004495a9","hash":"1c0152e710d4b6a6c7d7afd4e8d53f8c3f132634"}
,"/Users/justin/Desktop/College/Sem5/CCP/W5/fragments/src/model/data/memory/memory-db.js": {"path":"/Users/justin/Desktop/College/Sem5/CCP/W5/fragments/src/model/data/memory/memory-db.js","statementMap":{"0":{"start":{"line":1,"column":20},"end":{"line":1,"column":52}},"1":{"start":{"line":1,"column":29},"end":{"line":1,"column":52}},"2":{"start":{"line":6,"column":4},"end":{"line":6,"column":17}},"3":{"start":{"line":16,"column":4},"end":{"line":20,"column":5}},"4":{"start":{"line":17,"column":6},"end":{"line":19,"column":8}},"5":{"start":{"line":22,"column":15},"end":{"line":22,"column":22}},"6":{"start":{"line":23,"column":18},"end":{"line":23,"column":64}},"7":{"start":{"line":24,"column":4},"end":{"line":24,"column":34}},"8":{"start":{"line":34,"column":4},"end":{"line":38,"column":5}},"9":{"start":{"line":35,"column":6},"end":{"line":37,"column":8}},"10":{"start":{"line":40,"column":15},"end":{"line":40,"column":22}},"11":{"start":{"line":42,"column":4},"end":{"line":42,"column":42}},"12":{"start":{"line":44,"column":4},"end":{"line":44,"column":41}},"13":{"start":{"line":45,"column":4},"end":{"line":45,"column":29}},"14":{"start":{"line":55,"column":4},"end":{"line":57,"column":5}},"15":{"start":{"line":56,"column":6},"end":{"line":56,"column":85}},"16":{"start":{"line":60,"column":15},"end":{"line":60,"column":22}},"17":{"start":{"line":61,"column":19},"end":{"line":61,"column":70}},"18":{"start":{"line":62,"column":4},"end":{"line":62,"column":35}},"19":{"start":{"line":72,"column":4},"end":{"line":76,"column":5}},"20":{"start":{"line":73,"column":6},"end":{"line":75,"column":8}},"21":{"start":{"line":79,"column":4},"end":{"line":83,"column":5}},"22":{"start":{"line":80,"column":6},"end":{"line":82,"column":8}},"23":{"start":{"line":85,"column":15},"end":{"line":85,"column":22}},"24":{"start":{"line":86,"column":4},"end":{"line":86,"column":40}},"25":{"start":{"line":87,"column":4},"end":{"line":87,"column":29}},"26":{"start":{"line":91,"column":0},"end":{"line":91,"column":26}}},"fnMap":{"0":{"name":"(anonymous_0)","decl":{"start":{"line":1,"column":20},"end":{"line":1,"column":21}},"loc":{"start":{"line":1,"column":29},"end":{"line":1,"column":52}},"line":1},"1":{"name":"(anonymous_1)","decl":{"start":{"line":4,"column":2},"end":{"line":4,"column":3}},"loc":{"start":{"line":4,"column":16},"end":{"line":7,"column":3}},"line":4},"2":{"name":"(anonymous_2)","decl":{"start":{"line":15,"column":2},"end":{"line":15,"column":3}},"loc":{"start":{"line":15,"column":32},"end":{"line":25,"column":3}},"line":15},"3":{"name":"(anonymous_3)","decl":{"start":{"line":33,"column":2},"end":{"line":33,"column":3}},"loc":{"start":{"line":33,"column":39},"end":{"line":46,"column":3}},"line":33},"4":{"name":"(anonymous_4)","decl":{"start":{"line":54,"column":2},"end":{"line":54,"column":3}},"loc":{"start":{"line":54,"column":20},"end":{"line":63,"column":3}},"line":54},"5":{"name":"(anonymous_5)","decl":{"start":{"line":71,"column":2},"end":{"line":71,"column":3}},"loc":{"start":{"line":71,"column":38},"end":{"line":88,"column":3}},"line":71}},"branchMap":{"0":{"loc":{"start":{"line":16,"column":4},"end":{"line":20,"column":5}},"type":"if","locations":[{"start":{"line":16,"column":4},"end":{"line":20,"column":5}},{"start":{},"end":{}}],"line":16},"1":{"loc":{"start":{"line":16,"column":10},"end":{"line":16,"column":62}},"type":"binary-expr","locations":[{"start":{"line":16,"column":10},"end":{"line":16,"column":33}},{"start":{"line":16,"column":37},"end":{"line":16,"column":62}}],"line":16},"2":{"loc":{"start":{"line":23,"column":18},"end":{"line":23,"column":64}},"type":"binary-expr","locations":[{"start":{"line":23,"column":18},"end":{"line":23,"column":32}},{"start":{"line":23,"column":36},"end":{"line":23,"column":64}}],"line":23},"3":{"loc":{"start":{"line":34,"column":4},"end":{"line":38,"column":5}},"type":"if","locations":[{"start":{"line":34,"column":4},"end":{"line":38,"column":5}},{"start":{},"end":{}}],"line":34},"4":{"loc":{"start":{"line":34,"column":10},"end":{"line":34,"column":62}},"type":"binary-expr","locations":[{"start":{"line":34,"column":10},"end":{"line":34,"column":33}},{"start":{"line":34,"column":37},"end":{"line":34,"column":62}}],"line":34},"5":{"loc":{"start":{"line":42,"column":21},"end":{"line":42,"column":41}},"type":"binary-expr","locations":[{"start":{"line":42,"column":21},"end":{"line":42,"column":35}},{"start":{"line":42,"column":39},"end":{"line":42,"column":41}}],"line":42},"6":{"loc":{"start":{"line":55,"column":4},"end":{"line":57,"column":5}},"type":"if","locations":[{"start":{"line":55,"column":4},"end":{"line":57,"column":5}},{"start":{},"end":{}}],"line":55},"7":{"loc":{"start":{"line":61,"column":19},"end":{"line":61,"column":70}},"type":"cond-expr","locations":[{"start":{"line":61,"column":36},"end":{"line":61,"column":65}},{"start":{"line":61,"column":68},"end":{"line":61,"column":70}}],"line":61},"8":{"loc":{"start":{"line":72,"column":4},"end":{"line":76,"column":5}},"type":"if","locations":[{"start":{"line":72,"column":4},"end":{"line":76,"column":5}},{"start":{},"end":{}}],"line":72},"9":{"loc":{"start":{"line":72,"column":10},"end":{"line":72,"column":62}},"type":"binary-expr","locations":[{"start":{"line":72,"column":10},"end":{"line":72,"column":33}},{"start":{"line":72,"column":37},"end":{"line":72,"column":62}}],"line":72},"10":{"loc":{"start":{"line":79,"column":4},"end":{"line":83,"column":5}},"type":"if","locations":[{"start":{"line":79,"column":4},"end":{"line":83,"column":5}},{"start":{},"end":{}}],"line":79}},"s":{"0":8,"1":195,"2":26,"3":36,"4":9,"5":27,"6":27,"7":27,"8":60,"9":8,"10":52,"11":52,"12":52,"13":52,"14":9,"15":2,"16":7,"17":7,"18":7,"19":7,"20":3,"21":4,"22":1,"23":3,"24":3,"25":3,"26":8},"f":{"0":195,"1":26,"2":36,"3":60,"4":9,"5":7},"b":{"0":[9,27],"1":[36,27],"2":[27,24],"3":[8,52],"4":[60,52],"5":[52,21],"6":[2,7],"7":[3,4],"8":[3,4],"9":[7,4],"10":[1,3]},"_coverageSchema":"1a1c01bbd47fc00a2c39e90264f33305004495a9","hash":"77c8afa1de1d15a4695b603983c823893d1b30c2"}
,"/Users/justin/Desktop/College/Sem5/CCP/W5/fragments/src/routes/index.js": {"path":"/Users/justin/Desktop/College/Sem5/CCP/W5/fragments/src/routes/index.js","statementMap":{"0":{"start":{"line":3,"column":16},"end":{"line":3,"column":34}},"1":{"start":{"line":6,"column":28},"end":{"line":6,"column":57}},"2":{"start":{"line":9,"column":25},"end":{"line":9,"column":43}},"3":{"start":{"line":11,"column":34},"end":{"line":11,"column":56}},"4":{"start":{"line":14,"column":15},"end":{"line":14,"column":31}},"5":{"start":{"line":21,"column":0},"end":{"line":21,"column":52}},"6":{"start":{"line":27,"column":0},"end":{"line":40,"column":3}},"7":{"start":{"line":29,"column":2},"end":{"line":29,"column":45}},"8":{"start":{"line":31,"column":2},"end":{"line":39,"column":4}},"9":{"start":{"line":42,"column":0},"end":{"line":42,"column":24}}},"fnMap":{"0":{"name":"(anonymous_0)","decl":{"start":{"line":27,"column":16},"end":{"line":27,"column":17}},"loc":{"start":{"line":27,"column":30},"end":{"line":40,"column":1}},"line":27}},"branchMap":{},"s":{"0":5,"1":5,"2":5,"3":5,"4":5,"5":5,"6":5,"7":4,"8":4,"9":5},"f":{"0":4},"b":{},"_coverageSchema":"1a1c01bbd47fc00a2c39e90264f33305004495a9","hash":"ab39af2f333f95c5cc726e2ffe1af81978738049"}
,"/Users/justin/Desktop/College/Sem5/CCP/W5/fragments/src/routes/api/get.js": {"path":"/Users/justin/Desktop/College/Sem5/CCP/W5/fragments/src/routes/api/get.js","statementMap":{"0":{"start":{"line":1,"column":55},"end":{"line":1,"column":80}},"1":{"start":{"line":2,"column":21},"end":{"line":2,"column":52}},"2":{"start":{"line":3,"column":15},"end":{"line":3,"column":38}},"3":{"start":{"line":8,"column":0},"end":{"line":16,"column":2}},"4":{"start":{"line":9,"column":2},"end":{"line":15,"column":3}},"5":{"start":{"line":10,"column":22},"end":{"line":10,"column":71}},"6":{"start":{"line":11,"column":4},"end":{"line":11,"column":63}},"7":{"start":{"line":12,"column":4},"end":{"line":12,"column":71}},"8":{"start":{"line":14,"column":4},"end":{"line":14,"column":56}}},"fnMap":{"0":{"name":"(anonymous_0)","decl":{"start":{"line":8,"column":17},"end":{"line":8,"column":18}},"loc":{"start":{"line":8,"column":37},"end":{"line":16,"column":1}},"line":8}},"branchMap":{},"s":{"0":5,"1":5,"2":5,"3":5,"4":2,"5":2,"6":2,"7":2,"8":0},"f":{"0":2},"b":{},"_coverageSchema":"1a1c01bbd47fc00a2c39e90264f33305004495a9","hash":"9460e523bbca3d9973197cdfd815e490c7501d3a"}
,"/Users/justin/Desktop/College/Sem5/CCP/W5/fragments/src/routes/api/getId.js": {"path":"/Users/justin/Desktop/College/Sem5/CCP/W5/fragments/src/routes/api/getId.js","statementMap":{"0":{"start":{"line":1,"column":32},"end":{"line":1,"column":57}},"1":{"start":{"line":2,"column":21},"end":{"line":2,"column":52}},"2":{"start":{"line":3,"column":15},"end":{"line":3,"column":38}},"3":{"start":{"line":4,"column":13},"end":{"line":4,"column":28}},"4":{"start":{"line":6,"column":0},"end":{"line":22,"column":2}},"5":{"start":{"line":7,"column":2},"end":{"line":21,"column":3}},"6":{"start":{"line":8,"column":19},"end":{"line":8,"column":66}},"7":{"start":{"line":9,"column":15},"end":{"line":9,"column":39}},"8":{"start":{"line":10,"column":4},"end":{"line":12,"column":5}},"9":{"start":{"line":11,"column":6},"end":{"line":11,"column":29}},"10":{"start":{"line":14,"column":4},"end":{"line":14,"column":74}},"11":{"start":{"line":16,"column":4},"end":{"line":16,"column":78}},"12":{"start":{"line":17,"column":4},"end":{"line":20,"column":6}}},"fnMap":{"0":{"name":"(anonymous_0)","decl":{"start":{"line":6,"column":17},"end":{"line":6,"column":18}},"loc":{"start":{"line":6,"column":37},"end":{"line":22,"column":1}},"line":6}},"branchMap":{"0":{"loc":{"start":{"line":10,"column":4},"end":{"line":12,"column":5}},"type":"if","locations":[{"start":{"line":10,"column":4},"end":{"line":12,"column":5}},{"start":{},"end":{}}],"line":10}},"s":{"0":5,"1":5,"2":5,"3":5,"4":5,"5":2,"6":2,"7":1,"8":1,"9":1,"10":1,"11":1,"12":1},"f":{"0":2},"b":{"0":[1,0]},"_coverageSchema":"1a1c01bbd47fc00a2c39e90264f33305004495a9","hash":"570210fb97fb192f7de171860b91441371c264d7"}
,"/Users/justin/Desktop/College/Sem5/CCP/W5/fragments/src/routes/api/index.js": {"path":"/Users/justin/Desktop/College/Sem5/CCP/W5/fragments/src/routes/api/index.js","statementMap":{"0":{"start":{"line":4,"column":21},"end":{"line":4,"column":52}},"1":{"start":{"line":5,"column":20},"end":{"line":5,"column":43}},"2":{"start":{"line":7,"column":16},"end":{"line":7,"column":34}},"3":{"start":{"line":10,"column":15},"end":{"line":10,"column":31}},"4":{"start":{"line":13,"column":16},"end":{"line":24,"column":4}},"5":{"start":{"line":14,"column":2},"end":{"line":24,"column":4}},"6":{"start":{"line":21,"column":23},"end":{"line":21,"column":45}},"7":{"start":{"line":22,"column":6},"end":{"line":22,"column":44}},"8":{"start":{"line":27,"column":0},"end":{"line":27,"column":43}},"9":{"start":{"line":28,"column":0},"end":{"line":28,"column":49}},"10":{"start":{"line":29,"column":0},"end":{"line":29,"column":56}},"11":{"start":{"line":31,"column":0},"end":{"line":31,"column":24}}},"fnMap":{"0":{"name":"(anonymous_0)","decl":{"start":{"line":13,"column":16},"end":{"line":13,"column":17}},"loc":{"start":{"line":14,"column":2},"end":{"line":24,"column":4}},"line":14},"1":{"name":"(anonymous_1)","decl":{"start":{"line":17,"column":10},"end":{"line":17,"column":11}},"loc":{"start":{"line":17,"column":19},"end":{"line":23,"column":5}},"line":17}},"branchMap":{},"s":{"0":5,"1":5,"2":5,"3":5,"4":5,"5":5,"6":5,"7":5,"8":5,"9":5,"10":5,"11":5},"f":{"0":5,"1":5},"b":{},"_coverageSchema":"1a1c01bbd47fc00a2c39e90264f33305004495a9","hash":"30501b5524443c71ae42199d688937b968aae24b"}
,"/Users/justin/Desktop/College/Sem5/CCP/W5/fragments/src/routes/api/post.js": {"path":"/Users/justin/Desktop/College/Sem5/CCP/W5/fragments/src/routes/api/post.js","statementMap":{"0":{"start":{"line":1,"column":21},"end":{"line":1,"column":52}},"1":{"start":{"line":2,"column":55},"end":{"line":2,"column":80}},"2":{"start":{"line":3,"column":15},"end":{"line":3,"column":38}},"3":{"start":{"line":4,"column":12},"end":{"line":4,"column":58}},"4":{"start":{"line":6,"column":0},"end":{"line":31,"column":2}},"5":{"start":{"line":7,"column":2},"end":{"line":30,"column":3}},"6":{"start":{"line":8,"column":4},"end":{"line":8,"column":84}},"7":{"start":{"line":10,"column":4},"end":{"line":29,"column":5}},"8":{"start":{"line":11,"column":23},"end":{"line":15,"column":8}},"9":{"start":{"line":17,"column":6},"end":{"line":17,"column":39}},"10":{"start":{"line":19,"column":6},"end":{"line":19,"column":28}},"11":{"start":{"line":22,"column":6},"end":{"line":25,"column":51}},"12":{"start":{"line":26,"column":6},"end":{"line":26,"column":84}},"13":{"start":{"line":28,"column":6},"end":{"line":28,"column":84}}},"fnMap":{"0":{"name":"(anonymous_0)","decl":{"start":{"line":6,"column":17},"end":{"line":6,"column":18}},"loc":{"start":{"line":6,"column":37},"end":{"line":31,"column":1}},"line":6}},"branchMap":{"0":{"loc":{"start":{"line":4,"column":12},"end":{"line":4,"column":58}},"type":"binary-expr","locations":[{"start":{"line":4,"column":12},"end":{"line":4,"column":31}},{"start":{"line":4,"column":35},"end":{"line":4,"column":58}}],"line":4},"1":{"loc":{"start":{"line":7,"column":2},"end":{"line":30,"column":3}},"type":"if","locations":[{"start":{"line":7,"column":2},"end":{"line":30,"column":3}},{"start":{"line":9,"column":9},"end":{"line":30,"column":3}}],"line":7}},"s":{"0":5,"1":5,"2":5,"3":5,"4":5,"5":5,"6":1,"7":4,"8":4,"9":4,"10":4,"11":4,"12":4,"13":0},"f":{"0":5},"b":{"0":[5,5],"1":[1,4]},"_coverageSchema":"1a1c01bbd47fc00a2c39e90264f33305004495a9","hash":"05743d023b1f6c0e60fd5951554ce8e3c8b6440f"}
}
