TN:
SF:src/app.js
FN:48,(anonymous_0)
FN:54,(anonymous_1)
FNF:2
FNH:1
FNDA:1,(anonymous_0)
FNDA:0,(anonymous_1)
DA:3,3
DA:4,3
DA:5,3
DA:6,3
DA:7,3
DA:8,3
DA:10,3
DA:16,3
DA:17,3
DA:23,3
DA:26,3
DA:29,3
DA:32,3
DA:35,3
DA:38,3
DA:41,3
DA:42,3
DA:45,3
DA:48,3
DA:49,1
DA:54,3
DA:57,0
DA:58,0
DA:61,0
DA:62,0
DA:65,0
DA:75,3
LF:27
LH:22
BRDA:57,0,0,0
BRDA:57,0,1,0
BRDA:58,1,0,0
BRDA:58,1,1,0
BRDA:61,2,0,0
BRDA:61,2,1,0
BRF:6
BRH:0
end_of_record
TN:
SF:src/hash.js
FN:22,(anonymous_0)
FNF:1
FNH:1
FNDA:4,(anonymous_0)
DA:16,4
DA:22,4
LF:2
LH:2
BRF:0
BRH:0
end_of_record
TN:
SF:src/logger.js
FNF:0
FNH:0
DA:4,3
DA:7,3
DA:9,0
DA:19,3
LF:4
LH:3
BRDA:4,0,0,3
BRDA:4,0,1,0
BRDA:7,1,0,0
BRDA:7,1,1,3
BRF:4
BRH:2
end_of_record
TN:
SF:src/response.js
FN:11,(anonymous_0)
FN:29,(anonymous_1)
FNF:2
FNH:2
FNDA:7,(anonymous_0)
FNDA:4,(anonymous_1)
DA:11,4
DA:12,7
DA:29,4
DA:30,4
LF:4
LH:4
BRF:0
BRH:0
end_of_record
TN:
SF:src/auth/auth-middleware.js
FN:11,(anonymous_0)
FN:12,(anonymous_1)
FN:19,callback
FNF:3
FNH:3
FNDA:3,(anonymous_0)
FNDA:3,(anonymous_1)
FNDA:3,callback
DA:1,3
DA:3,3
DA:4,3
DA:5,3
DA:11,3
DA:12,3
DA:21,3
DA:22,0
DA:23,0
DA:27,3
DA:28,2
DA:32,1
DA:33,1
DA:36,1
DA:41,3
LF:15
LH:13
BRDA:21,0,0,0
BRDA:21,0,1,3
BRDA:27,1,0,2
BRDA:27,1,1,1
BRF:4
BRH:3
end_of_record
TN:
SF:src/auth/basic-auth.js
FN:16,(anonymous_0)
FN:25,(anonymous_1)
FNF:2
FNH:2
FNDA:3,(anonymous_0)
FNDA:3,(anonymous_1)
DA:6,3
DA:8,3
DA:9,3
DA:12,3
DA:13,0
DA:16,3
DA:19,3
DA:25,3
LF:8
LH:7
BRDA:12,0,0,0
BRDA:12,0,1,3
BRF:2
BRH:1
end_of_record
TN:
SF:src/auth/index.js
FNF:0
FNH:0
DA:4,3
DA:5,0
DA:8,3
DA:9,3
DA:13,0
LF:5
LH:3
BRDA:4,0,0,0
BRDA:4,0,1,3
BRDA:4,1,0,3
BRDA:4,1,1,0
BRDA:8,2,0,3
BRDA:8,2,1,0
BRDA:8,3,0,3
BRDA:8,3,1,3
BRF:8
BRH:5
end_of_record
TN:
SF:src/model/fragment.js
FN:4,(anonymous_0)
FN:29,(anonymous_1)
FN:50,(anonymous_2)
FN:58,(anonymous_3)
FN:65,(anonymous_4)
FN:70,(anonymous_5)
FN:75,(anonymous_6)
FN:79,(anonymous_7)
FN:87,(anonymous_8)
FN:92,(anonymous_9)
FN:96,(anonymous_10)
FN:116,(anonymous_11)
FNF:12
FNH:12
FNDA:60,(anonymous_0)
FNDA:31,(anonymous_1)
FNDA:3,(anonymous_2)
FNDA:5,(anonymous_3)
FNDA:1,(anonymous_4)
FNDA:14,(anonymous_5)
FNDA:1,(anonymous_6)
FNDA:8,(anonymous_7)
FNDA:3,(anonymous_8)
FNDA:1,(anonymous_9)
FNDA:1,(anonymous_10)
FNDA:7,(anonymous_11)
DA:2,4
DA:3,4
DA:4,60
DA:14,4
DA:16,4
DA:31,31
DA:32,3
DA:34,28
DA:35,27
DA:37,1
DA:39,27
DA:40,25
DA:42,2
DA:44,25
DA:45,25
DA:46,25
DA:47,25
DA:51,3
DA:52,0
DA:55,3
DA:60,5
DA:62,5
DA:67,1
DA:71,14
DA:72,14
DA:76,1
DA:80,8
DA:81,1
DA:83,7
DA:84,7
DA:85,7
DA:88,3
DA:89,3
DA:93,1
DA:97,1
DA:98,1
DA:103,0
DA:104,1
DA:105,1
DA:106,0
DA:107,0
DA:108,0
DA:109,0
DA:110,0
DA:111,0
DA:113,1
DA:117,7
DA:122,4
LF:48
LH:40
BRDA:29,0,0,2
BRDA:31,1,0,3
BRDA:31,1,1,28
BRDA:31,2,0,31
BRDA:31,2,1,29
BRDA:34,3,0,27
BRDA:34,3,1,1
BRDA:39,4,0,25
BRDA:39,4,1,2
BRDA:39,5,0,27
BRDA:39,5,1,26
BRDA:44,6,0,25
BRDA:44,6,1,20
BRDA:46,7,0,25
BRDA:46,7,1,21
BRDA:47,8,0,25
BRDA:47,8,1,21
BRDA:50,9,0,2
BRDA:51,10,0,0
BRDA:51,10,1,3
BRDA:80,11,0,1
BRDA:80,11,1,7
BRDA:98,12,0,0
BRDA:98,12,1,1
BRDA:99,13,0,1
BRDA:99,13,1,1
BRDA:99,13,2,1
BRDA:104,14,0,1
BRDA:104,14,1,0
BRDA:106,15,0,0
BRDA:106,15,1,0
BRDA:108,16,0,0
BRDA:108,16,1,0
BRDA:110,17,0,0
BRDA:110,17,1,0
BRF:35
BRH:26
end_of_record
TN:
SF:src/model/data/index.js
FNF:0
FNH:0
DA:1,4
LF:1
LH:1
BRF:0
BRH:0
end_of_record
TN:
SF:src/model/data/memory/index.js
FN:8,writeFragment
FN:13,readFragment
FN:18,writeFragmentData
FN:23,readFragmentData
FN:28,listFragments
FN:37,(anonymous_5)
FN:41,deleteFragment
FNF:7
FNH:7
FNDA:21,writeFragment
FNDA:11,readFragment
FNDA:14,writeFragmentData
FNDA:7,readFragmentData
FNDA:3,listFragments
FNDA:1,(anonymous_5)
FNDA:1,deleteFragment
DA:1,5
DA:4,5
DA:5,5
DA:9,21
DA:14,11
DA:19,14
DA:24,7
DA:29,3
DA:32,3
DA:33,1
DA:37,2
DA:42,1
DA:50,5
DA:51,5
DA:52,5
DA:53,5
DA:54,5
DA:55,5
LF:18
LH:18
BRDA:28,0,0,0
BRDA:32,1,0,1
BRDA:32,1,1,2
BRDA:32,2,0,3
BRDA:32,2,1,2
BRF:5
BRH:4
end_of_record
TN:
SF:src/model/data/memory/memory-db.js
FN:1,(anonymous_0)
FN:4,(anonymous_1)
FN:15,(anonymous_2)
FN:33,(anonymous_3)
FN:54,(anonymous_4)
FN:71,(anonymous_5)
FNF:6
FNH:6
FNDA:157,(anonymous_0)
FNDA:22,(anonymous_1)
FNDA:30,(anonymous_2)
FNDA:48,(anonymous_3)
FNDA:7,(anonymous_4)
FNDA:7,(anonymous_5)
DA:1,157
DA:6,22
DA:16,30
DA:17,9
DA:22,21
DA:23,21
DA:24,21
DA:34,48
DA:35,8
DA:40,40
DA:42,40
DA:44,40
DA:45,40
DA:55,7
DA:56,2
DA:60,5
DA:61,5
DA:62,5
DA:72,7
DA:73,3
DA:79,4
DA:80,1
DA:85,3
DA:86,3
DA:87,3
DA:91,6
LF:26
LH:26
BRDA:16,0,0,9
BRDA:16,0,1,21
BRDA:16,1,0,30
BRDA:16,1,1,21
BRDA:23,2,0,21
BRDA:23,2,1,18
BRDA:34,3,0,8
BRDA:34,3,1,40
BRDA:34,4,0,48
BRDA:34,4,1,40
BRDA:42,5,0,40
BRDA:42,5,1,17
BRDA:55,6,0,2
BRDA:55,6,1,5
BRDA:61,7,0,3
BRDA:61,7,1,2
BRDA:72,8,0,3
BRDA:72,8,1,4
BRDA:72,9,0,7
BRDA:72,9,1,4
BRDA:79,10,0,1
BRDA:79,10,1,3
BRF:22
BRH:22
end_of_record
TN:
SF:src/routes/index.js
FN:27,(anonymous_0)
FNF:1
FNH:1
FNDA:4,(anonymous_0)
DA:3,3
DA:6,3
DA:9,3
DA:11,3
DA:14,3
DA:21,3
DA:27,3
DA:29,4
DA:31,4
DA:42,3
LF:10
LH:10
BRF:0
BRH:0
end_of_record
TN:
SF:src/routes/api/get.js
FN:8,(anonymous_0)
FNF:1
FNH:1
FNDA:1,(anonymous_0)
DA:6,3
DA:8,3
DA:9,1
LF:3
LH:3
BRF:0
BRH:0
end_of_record
TN:
SF:src/routes/api/index.js
FN:18,(anonymous_0)
FN:22,(anonymous_1)
FNF:2
FNH:1
FNDA:3,(anonymous_0)
FNDA:0,(anonymous_1)
DA:6,3
DA:9,3
DA:11,3
DA:12,3
DA:15,3
DA:18,3
DA:19,3
DA:26,0
DA:27,0
DA:33,3
DA:35,3
LF:11
LH:9
BRF:0
BRH:0
end_of_record
TN:
SF:src/routes/api/post.js
FN:5,(anonymous_0)
FNF:1
FNH:0
FNDA:0,(anonymous_0)
DA:1,3
DA:2,3
DA:3,3
DA:5,3
DA:6,0
DA:7,0
DA:8,0
DA:9,0
DA:11,0
DA:12,0
DA:15,0
DA:16,0
DA:17,0
DA:18,0
DA:20,0
DA:21,0
DA:22,0
DA:24,0
DA:25,0
DA:26,0
DA:28,0
LF:21
LH:4
BRDA:11,0,0,0
BRDA:11,0,1,0
BRDA:11,1,0,0
BRDA:11,1,1,0
BRF:4
BRH:0
end_of_record
