TN:
SF:src/app.js
FN:48,(anonymous_0)
FN:54,(anonymous_1)
FNF:2
FNH:1
FNDA:1,(anonymous_0)
FNDA:0,(anonymous_1)
DA:3,8
DA:4,8
DA:5,8
DA:6,8
DA:7,8
DA:8,8
DA:10,8
DA:16,8
DA:17,8
DA:23,8
DA:26,8
DA:29,8
DA:32,8
DA:35,8
DA:38,8
DA:41,8
DA:42,8
DA:45,8
DA:48,8
DA:49,1
DA:54,8
DA:57,0
DA:58,0
DA:61,0
DA:62,0
DA:65,0
DA:75,8
LF:27
LH:22
BRDA:57,0,0,0
BRDA:57,0,1,0
BRDA:58,1,0,0
BRDA:58,1,1,0
BRDA:61,2,0,0
BRDA:61,2,1,0
BRF:6
BRH:0
end_of_record
TN:
SF:src/hash.js
FN:22,(anonymous_0)
FNF:1
FNH:1
FNDA:30,(anonymous_0)
DA:16,9
DA:22,30
LF:2
LH:2
BRF:0
BRH:0
end_of_record
TN:
SF:src/logger.js
FNF:0
FNH:0
DA:4,9
DA:7,9
DA:9,0
DA:19,9
LF:4
LH:3
BRDA:4,0,0,9
BRDA:4,0,1,0
BRDA:7,1,0,0
BRDA:7,1,1,9
BRF:4
BRH:2
end_of_record
TN:
SF:src/response.js
FN:11,(anonymous_0)
FN:29,(anonymous_1)
FNF:2
FNH:2
FNDA:21,(anonymous_0)
FNDA:13,(anonymous_1)
DA:11,9
DA:12,21
DA:29,9
DA:30,13
LF:4
LH:4
BRF:0
BRH:0
end_of_record
TN:
SF:src/auth/auth-middleware.js
FN:11,(anonymous_0)
FN:12,(anonymous_1)
FN:19,callback
FNF:3
FNH:3
FNDA:8,(anonymous_0)
FNDA:30,(anonymous_1)
FNDA:30,callback
DA:1,8
DA:3,8
DA:4,8
DA:5,8
DA:11,8
DA:12,8
DA:21,30
DA:22,0
DA:23,0
DA:27,30
DA:28,5
DA:32,25
DA:33,25
DA:36,25
DA:41,30
LF:15
LH:13
BRDA:21,0,0,0
BRDA:21,0,1,30
BRDA:27,1,0,5
BRDA:27,1,1,25
BRF:4
BRH:3
end_of_record
TN:
SF:src/auth/basic-auth.js
FN:16,(anonymous_0)
FN:25,(anonymous_1)
FNF:2
FNH:2
FNDA:8,(anonymous_0)
FNDA:8,(anonymous_1)
DA:6,8
DA:8,8
DA:9,8
DA:12,8
DA:13,0
DA:16,8
DA:19,8
DA:25,8
LF:8
LH:7
BRDA:12,0,0,0
BRDA:12,0,1,8
BRF:2
BRH:1
end_of_record
TN:
SF:src/auth/index.js
FNF:0
FNH:0
DA:4,8
DA:5,0
DA:8,8
DA:9,8
DA:13,0
LF:5
LH:3
BRDA:4,0,0,0
BRDA:4,0,1,8
BRDA:4,1,0,8
BRDA:4,1,1,0
BRDA:8,2,0,8
BRDA:8,2,1,0
BRDA:8,3,0,8
BRDA:8,3,1,8
BRF:8
BRH:5
end_of_record
TN:
SF:src/model/fragment.js
FN:4,(anonymous_0)
FN:33,(anonymous_1)
FN:54,(anonymous_2)
FN:62,(anonymous_3)
FN:69,(anonymous_4)
FN:74,(anonymous_5)
FN:79,(anonymous_6)
FN:83,(anonymous_7)
FN:91,(anonymous_8)
FN:96,(anonymous_9)
FN:100,(anonymous_10)
FN:105,(anonymous_11)
FN:131,(anonymous_12)
FN:143,(anonymous_13)
FNF:14
FNH:14
FNDA:96,(anonymous_0)
FNDA:49,(anonymous_1)
FNDA:5,(anonymous_2)
FNDA:15,(anonymous_3)
FNDA:3,(anonymous_4)
FNDA:37,(anonymous_5)
FNDA:7,(anonymous_6)
FNDA:20,(anonymous_7)
FNDA:4,(anonymous_8)
FNDA:2,(anonymous_9)
FNDA:32,(anonymous_10)
FNDA:1,(anonymous_11)
FNDA:4,(anonymous_12)
FNDA:1,(anonymous_13)
DA:2,9
DA:3,9
DA:4,96
DA:5,9
DA:6,9
DA:7,9
DA:8,9
DA:18,9
DA:20,9
DA:35,49
DA:36,3
DA:38,46
DA:39,45
DA:41,1
DA:43,45
DA:44,43
DA:46,2
DA:48,43
DA:49,43
DA:50,43
DA:51,43
DA:55,5
DA:56,0
DA:59,5
DA:64,15
DA:66,15
DA:71,3
DA:75,37
DA:76,37
DA:80,7
DA:84,20
DA:85,1
DA:87,19
DA:88,19
DA:89,19
DA:92,4
DA:93,4
DA:97,2
DA:101,32
DA:103,32
DA:107,1
DA:109,1
DA:110,1
DA:111,1
DA:112,1
DA:113,0
DA:114,0
DA:115,0
DA:119,0
DA:120,0
DA:123,1
DA:133,4
DA:134,0
DA:135,4
DA:136,0
DA:138,4
DA:140,4
DA:145,1
DA:147,1
DA:148,1
DA:149,0
DA:150,1
DA:151,0
DA:152,1
DA:153,0
DA:154,1
DA:155,0
DA:159,1
DA:164,9
LF:69
LH:57
BRDA:33,0,0,2
BRDA:35,1,0,3
BRDA:35,1,1,46
BRDA:35,2,0,49
BRDA:35,2,1,47
BRDA:38,3,0,45
BRDA:38,3,1,1
BRDA:43,4,0,43
BRDA:43,4,1,2
BRDA:43,5,0,45
BRDA:43,5,1,44
BRDA:48,6,0,43
BRDA:48,6,1,30
BRDA:50,7,0,43
BRDA:50,7,1,31
BRDA:51,8,0,43
BRDA:51,8,1,31
BRDA:54,9,0,4
BRDA:55,10,0,0
BRDA:55,10,1,5
BRDA:84,11,0,1
BRDA:84,11,1,19
BRDA:103,12,0,26
BRDA:103,12,1,6
BRDA:110,13,0,1
BRDA:110,13,1,0
BRDA:111,14,0,1
BRDA:111,14,1,0
BRDA:113,15,0,0
BRDA:113,15,1,0
BRDA:133,16,0,0
BRDA:133,16,1,4
BRDA:135,17,0,0
BRDA:135,17,1,4
BRDA:147,18,0,1
BRDA:147,18,1,0
BRDA:148,19,0,0
BRDA:148,19,1,1
BRDA:150,20,0,0
BRDA:150,20,1,1
BRDA:150,21,0,1
BRDA:150,21,1,1
BRDA:152,22,0,0
BRDA:152,22,1,1
BRDA:154,23,0,0
BRDA:154,23,1,1
BRF:46
BRH:34
end_of_record
TN:
SF:src/model/data/index.js
FNF:0
FNH:0
DA:5,9
LF:1
LH:1
BRDA:5,0,0,0
BRDA:5,0,1,9
BRF:2
BRH:1
end_of_record
TN:
SF:src/model/data/memory/index.js
FN:8,writeFragment
FN:13,readFragment
FN:18,writeFragmentData
FN:23,readFragmentData
FN:28,listFragments
FN:37,(anonymous_5)
FN:41,deleteFragment
FNF:7
FNH:7
FNDA:44,writeFragment
FNDA:23,readFragment
FNDA:26,writeFragmentData
FNDA:15,readFragmentData
FNDA:5,listFragments
FNDA:1,(anonymous_5)
FNDA:3,deleteFragment
DA:1,10
DA:4,10
DA:5,10
DA:9,44
DA:14,23
DA:19,26
DA:24,15
DA:29,5
DA:32,5
DA:33,1
DA:37,4
DA:42,3
DA:50,10
DA:51,10
DA:52,10
DA:53,10
DA:54,10
DA:55,10
LF:18
LH:18
BRDA:28,0,0,0
BRDA:32,1,0,1
BRDA:32,1,1,4
BRDA:32,2,0,5
BRDA:32,2,1,4
BRF:5
BRH:4
end_of_record
TN:
SF:src/model/data/memory/memory-db.js
FN:1,(anonymous_0)
FN:4,(anonymous_1)
FN:15,(anonymous_2)
FN:33,(anonymous_3)
FN:54,(anonymous_4)
FN:71,(anonymous_5)
FNF:6
FNH:6
FNDA:285,(anonymous_0)
FNDA:32,(anonymous_1)
FNDA:54,(anonymous_2)
FNDA:83,(anonymous_3)
FNDA:9,(anonymous_4)
FNDA:11,(anonymous_5)
DA:1,285
DA:6,32
DA:16,54
DA:17,9
DA:22,45
DA:23,45
DA:24,45
DA:34,83
DA:35,8
DA:40,75
DA:42,75
DA:44,75
DA:45,75
DA:55,9
DA:56,2
DA:60,7
DA:61,7
DA:62,7
DA:72,11
DA:73,3
DA:79,8
DA:80,3
DA:85,5
DA:86,5
DA:87,5
DA:91,11
LF:26
LH:26
BRDA:16,0,0,9
BRDA:16,0,1,45
BRDA:16,1,0,54
BRDA:16,1,1,45
BRDA:23,2,0,45
BRDA:23,2,1,42
BRDA:34,3,0,8
BRDA:34,3,1,75
BRDA:34,4,0,83
BRDA:34,4,1,75
BRDA:42,5,0,75
BRDA:42,5,1,27
BRDA:55,6,0,2
BRDA:55,6,1,7
BRDA:61,7,0,3
BRDA:61,7,1,4
BRDA:72,8,0,3
BRDA:72,8,1,8
BRDA:72,9,0,11
BRDA:72,9,1,8
BRDA:79,10,0,3
BRDA:79,10,1,5
BRF:22
BRH:22
end_of_record
TN:
SF:src/routes/index.js
FN:29,(anonymous_0)
FNF:1
FNH:1
FNDA:4,(anonymous_0)
DA:3,8
DA:5,8
DA:8,8
DA:11,8
DA:13,8
DA:16,8
DA:23,8
DA:29,8
DA:31,4
DA:33,4
DA:46,8
LF:11
LH:11
BRF:0
BRH:0
end_of_record
TN:
SF:src/routes/api/delete.js
FN:5,(anonymous_0)
FNF:1
FNH:1
FNDA:2,(anonymous_0)
DA:1,8
DA:2,8
DA:3,8
DA:5,8
DA:6,2
DA:7,2
DA:8,1
DA:9,1
DA:11,1
LF:9
LH:9
BRF:0
BRH:0
end_of_record
TN:
SF:src/routes/api/get.js
FN:8,(anonymous_0)
FNF:1
FNH:1
FNDA:2,(anonymous_0)
DA:1,8
DA:2,8
DA:3,8
DA:8,8
DA:9,2
DA:10,2
DA:11,2
DA:12,2
DA:14,0
LF:9
LH:8
BRF:0
BRH:0
end_of_record
TN:
SF:src/routes/api/getId.js
FN:6,(anonymous_0)
FNF:1
FNH:1
FNDA:5,(anonymous_0)
DA:1,8
DA:2,8
DA:3,8
DA:4,8
DA:6,8
DA:7,5
DA:8,5
DA:9,5
DA:10,5
DA:11,4
DA:12,4
DA:14,4
DA:15,3
DA:16,3
DA:17,3
DA:22,1
DA:23,1
DA:24,1
DA:25,1
DA:26,1
DA:27,1
DA:29,0
DA:30,0
DA:31,0
DA:32,0
DA:35,0
DA:41,1
LF:27
LH:22
BRDA:14,0,0,3
BRDA:14,0,1,1
BRDA:14,1,0,4
BRDA:14,1,1,1
BRDA:23,2,0,1
BRDA:23,2,1,0
BRDA:23,3,0,1
BRDA:23,3,1,0
BRF:8
BRH:6
end_of_record
TN:
SF:src/routes/api/get_metadata.js
FN:7,(anonymous_0)
FNF:1
FNH:1
FNDA:2,(anonymous_0)
DA:1,8
DA:2,8
DA:3,8
DA:7,8
DA:8,2
DA:9,2
DA:10,1
DA:11,1
DA:13,1
LF:9
LH:9
BRF:0
BRH:0
end_of_record
TN:
SF:src/routes/api/index.js
FN:13,(anonymous_0)
FN:17,(anonymous_1)
FNF:2
FNH:2
FNDA:16,(anonymous_0)
FNDA:14,(anonymous_1)
DA:4,8
DA:5,8
DA:7,8
DA:10,8
DA:13,8
DA:14,16
DA:21,14
DA:22,14
DA:27,8
DA:28,8
DA:29,8
DA:30,8
DA:31,8
DA:32,8
DA:34,8
LF:15
LH:15
BRF:0
BRH:0
end_of_record
TN:
SF:src/routes/api/post.js
FN:5,(anonymous_0)
FNF:1
FNH:1
FNDA:11,(anonymous_0)
DA:1,8
DA:2,8
DA:3,8
DA:5,8
DA:6,11
DA:7,1
DA:9,10
DA:10,10
DA:15,10
DA:16,10
DA:17,10
DA:21,10
DA:23,0
LF:13
LH:12
BRDA:6,0,0,1
BRDA:6,0,1,10
BRF:2
BRH:2
end_of_record
TN:
SF:src/routes/api/put.js
FN:6,(anonymous_0)
FNF:1
FNH:1
FNDA:3,(anonymous_0)
DA:1,8
DA:2,8
DA:3,8
DA:4,8
DA:6,8
DA:7,3
DA:8,3
DA:9,3
DA:10,3
DA:11,2
DA:12,2
DA:13,1
DA:14,1
DA:15,1
DA:16,1
DA:17,1
DA:19,1
DA:22,1
DA:25,0
DA:26,0
LF:20
LH:18
BRDA:7,0,0,3
BRDA:7,0,1,0
BRDA:12,1,0,1
BRDA:12,1,1,1
BRF:4
BRH:3
end_of_record
